[2025-05-26 13:13:15] local.ERROR: SQLSTATE[HY000] [1045] Access denied for user 'root'@'localhost' (using password: NO) (Connection: mysql, SQL: select * from `artikels` order by `created_at` desc limit 5) {"exception":"[object] (Illuminate\\Database\\QueryException(code: 1045): SQLSTATE[HY000] [1045] Access denied for user 'root'@'localhost' (using password: NO) (Connection: mysql, SQL: select * from `artikels` order by `created_at` desc limit 5) at /run/media/dwirez/DATA/DOKUMENT/S4/project1/projek1/vendor/laravel/framework/src/Illuminate/Database/Connection.php:822)
[stacktrace]
#0 /run/media/dwirez/DATA/DOKUMENT/S4/project1/projek1/vendor/laravel/framework/src/Illuminate/Database/Connection.php(976): Illuminate\\Database\\Connection->runQueryCallback()
#1 /run/media/dwirez/DATA/DOKUMENT/S4/project1/projek1/vendor/laravel/framework/src/Illuminate/Database/Connection.php(955): Illuminate\\Database\\Connection->tryAgainIfCausedByLostConnection()
#2 /run/media/dwirez/DATA/DOKUMENT/S4/project1/projek1/vendor/laravel/framework/src/Illuminate/Database/Connection.php(778): Illuminate\\Database\\Connection->handleQueryException()
#3 /run/media/dwirez/DATA/DOKUMENT/S4/project1/projek1/vendor/laravel/framework/src/Illuminate/Database/Connection.php(395): Illuminate\\Database\\Connection->run()
#4 /run/media/dwirez/DATA/DOKUMENT/S4/project1/projek1/vendor/laravel/framework/src/Illuminate/Database/Query/Builder.php(3120): Illuminate\\Database\\Connection->select()
#5 /run/media/dwirez/DATA/DOKUMENT/S4/project1/projek1/vendor/laravel/framework/src/Illuminate/Database/Query/Builder.php(3105): Illuminate\\Database\\Query\\Builder->runSelect()
#6 /run/media/dwirez/DATA/DOKUMENT/S4/project1/projek1/vendor/laravel/framework/src/Illuminate/Database/Query/Builder.php(3695): Illuminate\\Database\\Query\\Builder->{closure:Illuminate\\Database\\Query\\Builder::get():3104}()
#7 /run/media/dwirez/DATA/DOKUMENT/S4/project1/projek1/vendor/laravel/framework/src/Illuminate/Database/Query/Builder.php(3104): Illuminate\\Database\\Query\\Builder->onceWithColumns()
#8 /run/media/dwirez/DATA/DOKUMENT/S4/project1/projek1/vendor/laravel/framework/src/Illuminate/Database/Eloquent/Builder.php(871): Illuminate\\Database\\Query\\Builder->get()
#9 /run/media/dwirez/DATA/DOKUMENT/S4/project1/projek1/vendor/laravel/framework/src/Illuminate/Database/Eloquent/Builder.php(853): Illuminate\\Database\\Eloquent\\Builder->getModels()
#10 /run/media/dwirez/DATA/DOKUMENT/S4/project1/projek1/app/Http/Controllers/HomeController.php(12): Illuminate\\Database\\Eloquent\\Builder->get()
#11 /run/media/dwirez/DATA/DOKUMENT/S4/project1/projek1/vendor/laravel/framework/src/Illuminate/Routing/ControllerDispatcher.php(46): App\\Http\\Controllers\\HomeController->getArtikel()
#12 /run/media/dwirez/DATA/DOKUMENT/S4/project1/projek1/vendor/laravel/framework/src/Illuminate/Routing/Route.php(265): Illuminate\\Routing\\ControllerDispatcher->dispatch()
#13 /run/media/dwirez/DATA/DOKUMENT/S4/project1/projek1/vendor/laravel/framework/src/Illuminate/Routing/Route.php(211): Illuminate\\Routing\\Route->runController()
#14 /run/media/dwirez/DATA/DOKUMENT/S4/project1/projek1/vendor/laravel/framework/src/Illuminate/Routing/Router.php(808): Illuminate\\Routing\\Route->run()
#15 /run/media/dwirez/DATA/DOKUMENT/S4/project1/projek1/vendor/laravel/framework/src/Illuminate/Pipeline/Pipeline.php(169): Illuminate\\Routing\\Router->{closure:Illuminate\\Routing\\Router::runRouteWithinStack():807}()
#16 /run/media/dwirez/DATA/DOKUMENT/S4/project1/projek1/vendor/laravel/framework/src/Illuminate/Routing/Middleware/SubstituteBindings.php(50): Illuminate\\Pipeline\\Pipeline->{closure:Illuminate\\Pipeline\\Pipeline::prepareDestination():167}()
#17 /run/media/dwirez/DATA/DOKUMENT/S4/project1/projek1/vendor/laravel/framework/src/Illuminate/Pipeline/Pipeline.php(208): Illuminate\\Routing\\Middleware\\SubstituteBindings->handle()
#18 /run/media/dwirez/DATA/DOKUMENT/S4/project1/projek1/vendor/laravel/framework/src/Illuminate/Foundation/Http/Middleware/VerifyCsrfToken.php(87): Illuminate\\Pipeline\\Pipeline->{closure:{closure:Illuminate\\Pipeline\\Pipeline::carry():183}:184}()
#19 /run/media/dwirez/DATA/DOKUMENT/S4/project1/projek1/vendor/laravel/framework/src/Illuminate/Pipeline/Pipeline.php(208): Illuminate\\Foundation\\Http\\Middleware\\VerifyCsrfToken->handle()
#20 /run/media/dwirez/DATA/DOKUMENT/S4/project1/projek1/vendor/laravel/framework/src/Illuminate/View/Middleware/ShareErrorsFromSession.php(48): Illuminate\\Pipeline\\Pipeline->{closure:{closure:Illuminate\\Pipeline\\Pipeline::carry():183}:184}()
#21 /run/media/dwirez/DATA/DOKUMENT/S4/project1/projek1/vendor/laravel/framework/src/Illuminate/Pipeline/Pipeline.php(208): Illuminate\\View\\Middleware\\ShareErrorsFromSession->handle()
#22 /run/media/dwirez/DATA/DOKUMENT/S4/project1/projek1/vendor/laravel/framework/src/Illuminate/Session/Middleware/StartSession.php(120): Illuminate\\Pipeline\\Pipeline->{closure:{closure:Illuminate\\Pipeline\\Pipeline::carry():183}:184}()
#23 /run/media/dwirez/DATA/DOKUMENT/S4/project1/projek1/vendor/laravel/framework/src/Illuminate/Session/Middleware/StartSession.php(63): Illuminate\\Session\\Middleware\\StartSession->handleStatefulRequest()
#24 /run/media/dwirez/DATA/DOKUMENT/S4/project1/projek1/vendor/laravel/framework/src/Illuminate/Pipeline/Pipeline.php(208): Illuminate\\Session\\Middleware\\StartSession->handle()
#25 /run/media/dwirez/DATA/DOKUMENT/S4/project1/projek1/vendor/laravel/framework/src/Illuminate/Cookie/Middleware/AddQueuedCookiesToResponse.php(36): Illuminate\\Pipeline\\Pipeline->{closure:{closure:Illuminate\\Pipeline\\Pipeline::carry():183}:184}()
#26 /run/media/dwirez/DATA/DOKUMENT/S4/project1/projek1/vendor/laravel/framework/src/Illuminate/Pipeline/Pipeline.php(208): Illuminate\\Cookie\\Middleware\\AddQueuedCookiesToResponse->handle()
#27 /run/media/dwirez/DATA/DOKUMENT/S4/project1/projek1/vendor/laravel/framework/src/Illuminate/Cookie/Middleware/EncryptCookies.php(74): Illuminate\\Pipeline\\Pipeline->{closure:{closure:Illuminate\\Pipeline\\Pipeline::carry():183}:184}()
#28 /run/media/dwirez/DATA/DOKUMENT/S4/project1/projek1/vendor/laravel/framework/src/Illuminate/Pipeline/Pipeline.php(208): Illuminate\\Cookie\\Middleware\\EncryptCookies->handle()
#29 /run/media/dwirez/DATA/DOKUMENT/S4/project1/projek1/vendor/laravel/framework/src/Illuminate/Pipeline/Pipeline.php(126): Illuminate\\Pipeline\\Pipeline->{closure:{closure:Illuminate\\Pipeline\\Pipeline::carry():183}:184}()
#30 /run/media/dwirez/DATA/DOKUMENT/S4/project1/projek1/vendor/laravel/framework/src/Illuminate/Routing/Router.php(807): Illuminate\\Pipeline\\Pipeline->then()
#31 /run/media/dwirez/DATA/DOKUMENT/S4/project1/projek1/vendor/laravel/framework/src/Illuminate/Routing/Router.php(786): Illuminate\\Routing\\Router->runRouteWithinStack()
#32 /run/media/dwirez/DATA/DOKUMENT/S4/project1/projek1/vendor/laravel/framework/src/Illuminate/Routing/Router.php(750): Illuminate\\Routing\\Router->runRoute()
#33 /run/media/dwirez/DATA/DOKUMENT/S4/project1/projek1/vendor/laravel/framework/src/Illuminate/Routing/Router.php(739): Illuminate\\Routing\\Router->dispatchToRoute()
#34 /run/media/dwirez/DATA/DOKUMENT/S4/project1/projek1/vendor/laravel/framework/src/Illuminate/Foundation/Http/Kernel.php(200): Illuminate\\Routing\\Router->dispatch()
#35 /run/media/dwirez/DATA/DOKUMENT/S4/project1/projek1/vendor/laravel/framework/src/Illuminate/Pipeline/Pipeline.php(169): Illuminate\\Foundation\\Http\\Kernel->{closure:Illuminate\\Foundation\\Http\\Kernel::dispatchToRouter():197}()
#36 /run/media/dwirez/DATA/DOKUMENT/S4/project1/projek1/vendor/livewire/livewire/src/Features/SupportDisablingBackButtonCache/DisableBackButtonCacheMiddleware.php(19): Illuminate\\Pipeline\\Pipeline->{closure:Illuminate\\Pipeline\\Pipeline::prepareDestination():167}()
#37 /run/media/dwirez/DATA/DOKUMENT/S4/project1/projek1/vendor/laravel/framework/src/Illuminate/Pipeline/Pipeline.php(208): Livewire\\Features\\SupportDisablingBackButtonCache\\DisableBackButtonCacheMiddleware->handle()
#38 /run/media/dwirez/DATA/DOKUMENT/S4/project1/projek1/vendor/laravel/framework/src/Illuminate/Foundation/Http/Middleware/TransformsRequest.php(21): Illuminate\\Pipeline\\Pipeline->{closure:{closure:Illuminate\\Pipeline\\Pipeline::carry():183}:184}()
#39 /run/media/dwirez/DATA/DOKUMENT/S4/project1/projek1/vendor/laravel/framework/src/Illuminate/Foundation/Http/Middleware/ConvertEmptyStringsToNull.php(31): Illuminate\\Foundation\\Http\\Middleware\\TransformsRequest->handle()
#40 /run/media/dwirez/DATA/DOKUMENT/S4/project1/projek1/vendor/laravel/framework/src/Illuminate/Pipeline/Pipeline.php(208): Illuminate\\Foundation\\Http\\Middleware\\ConvertEmptyStringsToNull->handle()
#41 /run/media/dwirez/DATA/DOKUMENT/S4/project1/projek1/vendor/laravel/framework/src/Illuminate/Foundation/Http/Middleware/TransformsRequest.php(21): Illuminate\\Pipeline\\Pipeline->{closure:{closure:Illuminate\\Pipeline\\Pipeline::carry():183}:184}()
#42 /run/media/dwirez/DATA/DOKUMENT/S4/project1/projek1/vendor/laravel/framework/src/Illuminate/Foundation/Http/Middleware/TrimStrings.php(51): Illuminate\\Foundation\\Http\\Middleware\\TransformsRequest->handle()
#43 /run/media/dwirez/DATA/DOKUMENT/S4/project1/projek1/vendor/laravel/framework/src/Illuminate/Pipeline/Pipeline.php(208): Illuminate\\Foundation\\Http\\Middleware\\TrimStrings->handle()
#44 /run/media/dwirez/DATA/DOKUMENT/S4/project1/projek1/vendor/laravel/framework/src/Illuminate/Http/Middleware/ValidatePostSize.php(27): Illuminate\\Pipeline\\Pipeline->{closure:{closure:Illuminate\\Pipeline\\Pipeline::carry():183}:184}()
#45 /run/media/dwirez/DATA/DOKUMENT/S4/project1/projek1/vendor/laravel/framework/src/Illuminate/Pipeline/Pipeline.php(208): Illuminate\\Http\\Middleware\\ValidatePostSize->handle()
#46 /run/media/dwirez/DATA/DOKUMENT/S4/project1/projek1/vendor/laravel/framework/src/Illuminate/Foundation/Http/Middleware/PreventRequestsDuringMaintenance.php(109): Illuminate\\Pipeline\\Pipeline->{closure:{closure:Illuminate\\Pipeline\\Pipeline::carry():183}:184}()
#47 /run/media/dwirez/DATA/DOKUMENT/S4/project1/projek1/vendor/laravel/framework/src/Illuminate/Pipeline/Pipeline.php(208): Illuminate\\Foundation\\Http\\Middleware\\PreventRequestsDuringMaintenance->handle()
#48 /run/media/dwirez/DATA/DOKUMENT/S4/project1/projek1/vendor/laravel/framework/src/Illuminate/Http/Middleware/HandleCors.php(48): Illuminate\\Pipeline\\Pipeline->{closure:{closure:Illuminate\\Pipeline\\Pipeline::carry():183}:184}()
#49 /run/media/dwirez/DATA/DOKUMENT/S4/project1/projek1/vendor/laravel/framework/src/Illuminate/Pipeline/Pipeline.php(208): Illuminate\\Http\\Middleware\\HandleCors->handle()
#50 /run/media/dwirez/DATA/DOKUMENT/S4/project1/projek1/vendor/laravel/framework/src/Illuminate/Http/Middleware/TrustProxies.php(58): Illuminate\\Pipeline\\Pipeline->{closure:{closure:Illuminate\\Pipeline\\Pipeline::carry():183}:184}()
#51 /run/media/dwirez/DATA/DOKUMENT/S4/project1/projek1/vendor/laravel/framework/src/Illuminate/Pipeline/Pipeline.php(208): Illuminate\\Http\\Middleware\\TrustProxies->handle()
#52 /run/media/dwirez/DATA/DOKUMENT/S4/project1/projek1/vendor/laravel/framework/src/Illuminate/Foundation/Http/Middleware/InvokeDeferredCallbacks.php(22): Illuminate\\Pipeline\\Pipeline->{closure:{closure:Illuminate\\Pipeline\\Pipeline::carry():183}:184}()
#53 /run/media/dwirez/DATA/DOKUMENT/S4/project1/projek1/vendor/laravel/framework/src/Illuminate/Pipeline/Pipeline.php(208): Illuminate\\Foundation\\Http\\Middleware\\InvokeDeferredCallbacks->handle()
#54 /run/media/dwirez/DATA/DOKUMENT/S4/project1/projek1/vendor/laravel/framework/src/Illuminate/Http/Middleware/ValidatePathEncoding.php(26): Illuminate\\Pipeline\\Pipeline->{closure:{closure:Illuminate\\Pipeline\\Pipeline::carry():183}:184}()
#55 /run/media/dwirez/DATA/DOKUMENT/S4/project1/projek1/vendor/laravel/framework/src/Illuminate/Pipeline/Pipeline.php(208): Illuminate\\Http\\Middleware\\ValidatePathEncoding->handle()
#56 /run/media/dwirez/DATA/DOKUMENT/S4/project1/projek1/vendor/laravel/framework/src/Illuminate/Pipeline/Pipeline.php(126): Illuminate\\Pipeline\\Pipeline->{closure:{closure:Illuminate\\Pipeline\\Pipeline::carry():183}:184}()
#57 /run/media/dwirez/DATA/DOKUMENT/S4/project1/projek1/vendor/laravel/framework/src/Illuminate/Foundation/Http/Kernel.php(175): Illuminate\\Pipeline\\Pipeline->then()
#58 /run/media/dwirez/DATA/DOKUMENT/S4/project1/projek1/vendor/laravel/framework/src/Illuminate/Foundation/Http/Kernel.php(144): Illuminate\\Foundation\\Http\\Kernel->sendRequestThroughRouter()
#59 /run/media/dwirez/DATA/DOKUMENT/S4/project1/projek1/vendor/laravel/framework/src/Illuminate/Foundation/Application.php(1219): Illuminate\\Foundation\\Http\\Kernel->handle()
#60 /run/media/dwirez/DATA/DOKUMENT/S4/project1/projek1/public/index.php(20): Illuminate\\Foundation\\Application->handleRequest()
#61 /run/media/dwirez/DATA/DOKUMENT/S4/project1/projek1/vendor/laravel/framework/src/Illuminate/Foundation/resources/server.php(23): require_once('...')
#62 {main}

[previous exception] [object] (PDOException(code: 1045): SQLSTATE[HY000] [1045] Access denied for user 'root'@'localhost' (using password: NO) at /run/media/dwirez/DATA/DOKUMENT/S4/project1/projek1/vendor/laravel/framework/src/Illuminate/Database/Connectors/Connector.php:67)
[stacktrace]
#0 /run/media/dwirez/DATA/DOKUMENT/S4/project1/projek1/vendor/laravel/framework/src/Illuminate/Database/Connectors/Connector.php(67): PDO::connect()
#1 /run/media/dwirez/DATA/DOKUMENT/S4/project1/projek1/vendor/laravel/framework/src/Illuminate/Database/Connectors/Connector.php(85): Illuminate\\Database\\Connectors\\Connector->createPdoConnection()
#2 /run/media/dwirez/DATA/DOKUMENT/S4/project1/projek1/vendor/laravel/framework/src/Illuminate/Database/Connectors/Connector.php(48): Illuminate\\Database\\Connectors\\Connector->tryAgainIfCausedByLostConnection()
#3 /run/media/dwirez/DATA/DOKUMENT/S4/project1/projek1/vendor/laravel/framework/src/Illuminate/Database/Connectors/MySqlConnector.php(24): Illuminate\\Database\\Connectors\\Connector->createConnection()
#4 /run/media/dwirez/DATA/DOKUMENT/S4/project1/projek1/vendor/laravel/framework/src/Illuminate/Database/Connectors/ConnectionFactory.php(184): Illuminate\\Database\\Connectors\\MySqlConnector->connect()
#5 [internal function]: Illuminate\\Database\\Connectors\\ConnectionFactory->{closure:Illuminate\\Database\\Connectors\\ConnectionFactory::createPdoResolverWithHosts():179}()
#6 /run/media/dwirez/DATA/DOKUMENT/S4/project1/projek1/vendor/laravel/framework/src/Illuminate/Database/Connection.php(1228): call_user_func()
#7 /run/media/dwirez/DATA/DOKUMENT/S4/project1/projek1/vendor/laravel/framework/src/Illuminate/Database/Connection.php(1264): Illuminate\\Database\\Connection->getPdo()
#8 /run/media/dwirez/DATA/DOKUMENT/S4/project1/projek1/vendor/laravel/framework/src/Illuminate/Database/Connection.php(509): Illuminate\\Database\\Connection->getReadPdo()
#9 /run/media/dwirez/DATA/DOKUMENT/S4/project1/projek1/vendor/laravel/framework/src/Illuminate/Database/Connection.php(404): Illuminate\\Database\\Connection->getPdoForSelect()
#10 /run/media/dwirez/DATA/DOKUMENT/S4/project1/projek1/vendor/laravel/framework/src/Illuminate/Database/Connection.php(809): Illuminate\\Database\\Connection->{closure:Illuminate\\Database\\Connection::select():395}()
#11 /run/media/dwirez/DATA/DOKUMENT/S4/project1/projek1/vendor/laravel/framework/src/Illuminate/Database/Connection.php(976): Illuminate\\Database\\Connection->runQueryCallback()
#12 /run/media/dwirez/DATA/DOKUMENT/S4/project1/projek1/vendor/laravel/framework/src/Illuminate/Database/Connection.php(955): Illuminate\\Database\\Connection->tryAgainIfCausedByLostConnection()
#13 /run/media/dwirez/DATA/DOKUMENT/S4/project1/projek1/vendor/laravel/framework/src/Illuminate/Database/Connection.php(778): Illuminate\\Database\\Connection->handleQueryException()
#14 /run/media/dwirez/DATA/DOKUMENT/S4/project1/projek1/vendor/laravel/framework/src/Illuminate/Database/Connection.php(395): Illuminate\\Database\\Connection->run()
#15 /run/media/dwirez/DATA/DOKUMENT/S4/project1/projek1/vendor/laravel/framework/src/Illuminate/Database/Query/Builder.php(3120): Illuminate\\Database\\Connection->select()
#16 /run/media/dwirez/DATA/DOKUMENT/S4/project1/projek1/vendor/laravel/framework/src/Illuminate/Database/Query/Builder.php(3105): Illuminate\\Database\\Query\\Builder->runSelect()
#17 /run/media/dwirez/DATA/DOKUMENT/S4/project1/projek1/vendor/laravel/framework/src/Illuminate/Database/Query/Builder.php(3695): Illuminate\\Database\\Query\\Builder->{closure:Illuminate\\Database\\Query\\Builder::get():3104}()
#18 /run/media/dwirez/DATA/DOKUMENT/S4/project1/projek1/vendor/laravel/framework/src/Illuminate/Database/Query/Builder.php(3104): Illuminate\\Database\\Query\\Builder->onceWithColumns()
#19 /run/media/dwirez/DATA/DOKUMENT/S4/project1/projek1/vendor/laravel/framework/src/Illuminate/Database/Eloquent/Builder.php(871): Illuminate\\Database\\Query\\Builder->get()
#20 /run/media/dwirez/DATA/DOKUMENT/S4/project1/projek1/vendor/laravel/framework/src/Illuminate/Database/Eloquent/Builder.php(853): Illuminate\\Database\\Eloquent\\Builder->getModels()
#21 /run/media/dwirez/DATA/DOKUMENT/S4/project1/projek1/app/Http/Controllers/HomeController.php(12): Illuminate\\Database\\Eloquent\\Builder->get()
#22 /run/media/dwirez/DATA/DOKUMENT/S4/project1/projek1/vendor/laravel/framework/src/Illuminate/Routing/ControllerDispatcher.php(46): App\\Http\\Controllers\\HomeController->getArtikel()
#23 /run/media/dwirez/DATA/DOKUMENT/S4/project1/projek1/vendor/laravel/framework/src/Illuminate/Routing/Route.php(265): Illuminate\\Routing\\ControllerDispatcher->dispatch()
#24 /run/media/dwirez/DATA/DOKUMENT/S4/project1/projek1/vendor/laravel/framework/src/Illuminate/Routing/Route.php(211): Illuminate\\Routing\\Route->runController()
#25 /run/media/dwirez/DATA/DOKUMENT/S4/project1/projek1/vendor/laravel/framework/src/Illuminate/Routing/Router.php(808): Illuminate\\Routing\\Route->run()
#26 /run/media/dwirez/DATA/DOKUMENT/S4/project1/projek1/vendor/laravel/framework/src/Illuminate/Pipeline/Pipeline.php(169): Illuminate\\Routing\\Router->{closure:Illuminate\\Routing\\Router::runRouteWithinStack():807}()
#27 /run/media/dwirez/DATA/DOKUMENT/S4/project1/projek1/vendor/laravel/framework/src/Illuminate/Routing/Middleware/SubstituteBindings.php(50): Illuminate\\Pipeline\\Pipeline->{closure:Illuminate\\Pipeline\\Pipeline::prepareDestination():167}()
#28 /run/media/dwirez/DATA/DOKUMENT/S4/project1/projek1/vendor/laravel/framework/src/Illuminate/Pipeline/Pipeline.php(208): Illuminate\\Routing\\Middleware\\SubstituteBindings->handle()
#29 /run/media/dwirez/DATA/DOKUMENT/S4/project1/projek1/vendor/laravel/framework/src/Illuminate/Foundation/Http/Middleware/VerifyCsrfToken.php(87): Illuminate\\Pipeline\\Pipeline->{closure:{closure:Illuminate\\Pipeline\\Pipeline::carry():183}:184}()
#30 /run/media/dwirez/DATA/DOKUMENT/S4/project1/projek1/vendor/laravel/framework/src/Illuminate/Pipeline/Pipeline.php(208): Illuminate\\Foundation\\Http\\Middleware\\VerifyCsrfToken->handle()
#31 /run/media/dwirez/DATA/DOKUMENT/S4/project1/projek1/vendor/laravel/framework/src/Illuminate/View/Middleware/ShareErrorsFromSession.php(48): Illuminate\\Pipeline\\Pipeline->{closure:{closure:Illuminate\\Pipeline\\Pipeline::carry():183}:184}()
#32 /run/media/dwirez/DATA/DOKUMENT/S4/project1/projek1/vendor/laravel/framework/src/Illuminate/Pipeline/Pipeline.php(208): Illuminate\\View\\Middleware\\ShareErrorsFromSession->handle()
#33 /run/media/dwirez/DATA/DOKUMENT/S4/project1/projek1/vendor/laravel/framework/src/Illuminate/Session/Middleware/StartSession.php(120): Illuminate\\Pipeline\\Pipeline->{closure:{closure:Illuminate\\Pipeline\\Pipeline::carry():183}:184}()
#34 /run/media/dwirez/DATA/DOKUMENT/S4/project1/projek1/vendor/laravel/framework/src/Illuminate/Session/Middleware/StartSession.php(63): Illuminate\\Session\\Middleware\\StartSession->handleStatefulRequest()
#35 /run/media/dwirez/DATA/DOKUMENT/S4/project1/projek1/vendor/laravel/framework/src/Illuminate/Pipeline/Pipeline.php(208): Illuminate\\Session\\Middleware\\StartSession->handle()
#36 /run/media/dwirez/DATA/DOKUMENT/S4/project1/projek1/vendor/laravel/framework/src/Illuminate/Cookie/Middleware/AddQueuedCookiesToResponse.php(36): Illuminate\\Pipeline\\Pipeline->{closure:{closure:Illuminate\\Pipeline\\Pipeline::carry():183}:184}()
#37 /run/media/dwirez/DATA/DOKUMENT/S4/project1/projek1/vendor/laravel/framework/src/Illuminate/Pipeline/Pipeline.php(208): Illuminate\\Cookie\\Middleware\\AddQueuedCookiesToResponse->handle()
#38 /run/media/dwirez/DATA/DOKUMENT/S4/project1/projek1/vendor/laravel/framework/src/Illuminate/Cookie/Middleware/EncryptCookies.php(74): Illuminate\\Pipeline\\Pipeline->{closure:{closure:Illuminate\\Pipeline\\Pipeline::carry():183}:184}()
#39 /run/media/dwirez/DATA/DOKUMENT/S4/project1/projek1/vendor/laravel/framework/src/Illuminate/Pipeline/Pipeline.php(208): Illuminate\\Cookie\\Middleware\\EncryptCookies->handle()
#40 /run/media/dwirez/DATA/DOKUMENT/S4/project1/projek1/vendor/laravel/framework/src/Illuminate/Pipeline/Pipeline.php(126): Illuminate\\Pipeline\\Pipeline->{closure:{closure:Illuminate\\Pipeline\\Pipeline::carry():183}:184}()
#41 /run/media/dwirez/DATA/DOKUMENT/S4/project1/projek1/vendor/laravel/framework/src/Illuminate/Routing/Router.php(807): Illuminate\\Pipeline\\Pipeline->then()
#42 /run/media/dwirez/DATA/DOKUMENT/S4/project1/projek1/vendor/laravel/framework/src/Illuminate/Routing/Router.php(786): Illuminate\\Routing\\Router->runRouteWithinStack()
#43 /run/media/dwirez/DATA/DOKUMENT/S4/project1/projek1/vendor/laravel/framework/src/Illuminate/Routing/Router.php(750): Illuminate\\Routing\\Router->runRoute()
#44 /run/media/dwirez/DATA/DOKUMENT/S4/project1/projek1/vendor/laravel/framework/src/Illuminate/Routing/Router.php(739): Illuminate\\Routing\\Router->dispatchToRoute()
#45 /run/media/dwirez/DATA/DOKUMENT/S4/project1/projek1/vendor/laravel/framework/src/Illuminate/Foundation/Http/Kernel.php(200): Illuminate\\Routing\\Router->dispatch()
#46 /run/media/dwirez/DATA/DOKUMENT/S4/project1/projek1/vendor/laravel/framework/src/Illuminate/Pipeline/Pipeline.php(169): Illuminate\\Foundation\\Http\\Kernel->{closure:Illuminate\\Foundation\\Http\\Kernel::dispatchToRouter():197}()
#47 /run/media/dwirez/DATA/DOKUMENT/S4/project1/projek1/vendor/livewire/livewire/src/Features/SupportDisablingBackButtonCache/DisableBackButtonCacheMiddleware.php(19): Illuminate\\Pipeline\\Pipeline->{closure:Illuminate\\Pipeline\\Pipeline::prepareDestination():167}()
#48 /run/media/dwirez/DATA/DOKUMENT/S4/project1/projek1/vendor/laravel/framework/src/Illuminate/Pipeline/Pipeline.php(208): Livewire\\Features\\SupportDisablingBackButtonCache\\DisableBackButtonCacheMiddleware->handle()
#49 /run/media/dwirez/DATA/DOKUMENT/S4/project1/projek1/vendor/laravel/framework/src/Illuminate/Foundation/Http/Middleware/TransformsRequest.php(21): Illuminate\\Pipeline\\Pipeline->{closure:{closure:Illuminate\\Pipeline\\Pipeline::carry():183}:184}()
#50 /run/media/dwirez/DATA/DOKUMENT/S4/project1/projek1/vendor/laravel/framework/src/Illuminate/Foundation/Http/Middleware/ConvertEmptyStringsToNull.php(31): Illuminate\\Foundation\\Http\\Middleware\\TransformsRequest->handle()
#51 /run/media/dwirez/DATA/DOKUMENT/S4/project1/projek1/vendor/laravel/framework/src/Illuminate/Pipeline/Pipeline.php(208): Illuminate\\Foundation\\Http\\Middleware\\ConvertEmptyStringsToNull->handle()
#52 /run/media/dwirez/DATA/DOKUMENT/S4/project1/projek1/vendor/laravel/framework/src/Illuminate/Foundation/Http/Middleware/TransformsRequest.php(21): Illuminate\\Pipeline\\Pipeline->{closure:{closure:Illuminate\\Pipeline\\Pipeline::carry():183}:184}()
#53 /run/media/dwirez/DATA/DOKUMENT/S4/project1/projek1/vendor/laravel/framework/src/Illuminate/Foundation/Http/Middleware/TrimStrings.php(51): Illuminate\\Foundation\\Http\\Middleware\\TransformsRequest->handle()
#54 /run/media/dwirez/DATA/DOKUMENT/S4/project1/projek1/vendor/laravel/framework/src/Illuminate/Pipeline/Pipeline.php(208): Illuminate\\Foundation\\Http\\Middleware\\TrimStrings->handle()
#55 /run/media/dwirez/DATA/DOKUMENT/S4/project1/projek1/vendor/laravel/framework/src/Illuminate/Http/Middleware/ValidatePostSize.php(27): Illuminate\\Pipeline\\Pipeline->{closure:{closure:Illuminate\\Pipeline\\Pipeline::carry():183}:184}()
#56 /run/media/dwirez/DATA/DOKUMENT/S4/project1/projek1/vendor/laravel/framework/src/Illuminate/Pipeline/Pipeline.php(208): Illuminate\\Http\\Middleware\\ValidatePostSize->handle()
#57 /run/media/dwirez/DATA/DOKUMENT/S4/project1/projek1/vendor/laravel/framework/src/Illuminate/Foundation/Http/Middleware/PreventRequestsDuringMaintenance.php(109): Illuminate\\Pipeline\\Pipeline->{closure:{closure:Illuminate\\Pipeline\\Pipeline::carry():183}:184}()
#58 /run/media/dwirez/DATA/DOKUMENT/S4/project1/projek1/vendor/laravel/framework/src/Illuminate/Pipeline/Pipeline.php(208): Illuminate\\Foundation\\Http\\Middleware\\PreventRequestsDuringMaintenance->handle()
#59 /run/media/dwirez/DATA/DOKUMENT/S4/project1/projek1/vendor/laravel/framework/src/Illuminate/Http/Middleware/HandleCors.php(48): Illuminate\\Pipeline\\Pipeline->{closure:{closure:Illuminate\\Pipeline\\Pipeline::carry():183}:184}()
#60 /run/media/dwirez/DATA/DOKUMENT/S4/project1/projek1/vendor/laravel/framework/src/Illuminate/Pipeline/Pipeline.php(208): Illuminate\\Http\\Middleware\\HandleCors->handle()
#61 /run/media/dwirez/DATA/DOKUMENT/S4/project1/projek1/vendor/laravel/framework/src/Illuminate/Http/Middleware/TrustProxies.php(58): Illuminate\\Pipeline\\Pipeline->{closure:{closure:Illuminate\\Pipeline\\Pipeline::carry():183}:184}()
#62 /run/media/dwirez/DATA/DOKUMENT/S4/project1/projek1/vendor/laravel/framework/src/Illuminate/Pipeline/Pipeline.php(208): Illuminate\\Http\\Middleware\\TrustProxies->handle()
#63 /run/media/dwirez/DATA/DOKUMENT/S4/project1/projek1/vendor/laravel/framework/src/Illuminate/Foundation/Http/Middleware/InvokeDeferredCallbacks.php(22): Illuminate\\Pipeline\\Pipeline->{closure:{closure:Illuminate\\Pipeline\\Pipeline::carry():183}:184}()
#64 /run/media/dwirez/DATA/DOKUMENT/S4/project1/projek1/vendor/laravel/framework/src/Illuminate/Pipeline/Pipeline.php(208): Illuminate\\Foundation\\Http\\Middleware\\InvokeDeferredCallbacks->handle()
#65 /run/media/dwirez/DATA/DOKUMENT/S4/project1/projek1/vendor/laravel/framework/src/Illuminate/Http/Middleware/ValidatePathEncoding.php(26): Illuminate\\Pipeline\\Pipeline->{closure:{closure:Illuminate\\Pipeline\\Pipeline::carry():183}:184}()
#66 /run/media/dwirez/DATA/DOKUMENT/S4/project1/projek1/vendor/laravel/framework/src/Illuminate/Pipeline/Pipeline.php(208): Illuminate\\Http\\Middleware\\ValidatePathEncoding->handle()
#67 /run/media/dwirez/DATA/DOKUMENT/S4/project1/projek1/vendor/laravel/framework/src/Illuminate/Pipeline/Pipeline.php(126): Illuminate\\Pipeline\\Pipeline->{closure:{closure:Illuminate\\Pipeline\\Pipeline::carry():183}:184}()
#68 /run/media/dwirez/DATA/DOKUMENT/S4/project1/projek1/vendor/laravel/framework/src/Illuminate/Foundation/Http/Kernel.php(175): Illuminate\\Pipeline\\Pipeline->then()
#69 /run/media/dwirez/DATA/DOKUMENT/S4/project1/projek1/vendor/laravel/framework/src/Illuminate/Foundation/Http/Kernel.php(144): Illuminate\\Foundation\\Http\\Kernel->sendRequestThroughRouter()
#70 /run/media/dwirez/DATA/DOKUMENT/S4/project1/projek1/vendor/laravel/framework/src/Illuminate/Foundation/Application.php(1219): Illuminate\\Foundation\\Http\\Kernel->handle()
#71 /run/media/dwirez/DATA/DOKUMENT/S4/project1/projek1/public/index.php(20): Illuminate\\Foundation\\Application->handleRequest()
#72 /run/media/dwirez/DATA/DOKUMENT/S4/project1/projek1/vendor/laravel/framework/src/Illuminate/Foundation/resources/server.php(23): require_once('...')
#73 {main}
"} 
[2025-05-26 13:13:16] local.ERROR: file_put_contents(F:\DOKUMENT\S4\project1\projek1\storage\framework/sessions/CjLThkdTa24eK5XgRKYWZeg6qHkldWV4R1rn1g1l): Failed to open stream: No such file or directory {"exception":"[object] (ErrorException(code: 0): file_put_contents(F:\\DOKUMENT\\S4\\project1\\projek1\\storage\\framework/sessions/CjLThkdTa24eK5XgRKYWZeg6qHkldWV4R1rn1g1l): Failed to open stream: No such file or directory at /run/media/dwirez/DATA/DOKUMENT/S4/project1/projek1/vendor/laravel/framework/src/Illuminate/Filesystem/Filesystem.php:204)
[stacktrace]
#0 /run/media/dwirez/DATA/DOKUMENT/S4/project1/projek1/vendor/laravel/framework/src/Illuminate/Foundation/Bootstrap/HandleExceptions.php(256): Illuminate\\Foundation\\Bootstrap\\HandleExceptions->handleError()
#1 [internal function]: Illuminate\\Foundation\\Bootstrap\\HandleExceptions->{closure:Illuminate\\Foundation\\Bootstrap\\HandleExceptions::forwardsTo():255}()
#2 /run/media/dwirez/DATA/DOKUMENT/S4/project1/projek1/vendor/laravel/framework/src/Illuminate/Filesystem/Filesystem.php(204): file_put_contents()
#3 /run/media/dwirez/DATA/DOKUMENT/S4/project1/projek1/vendor/laravel/framework/src/Illuminate/Session/FileSessionHandler.php(89): Illuminate\\Filesystem\\Filesystem->put()
#4 /run/media/dwirez/DATA/DOKUMENT/S4/project1/projek1/vendor/laravel/framework/src/Illuminate/Session/Store.php(175): Illuminate\\Session\\FileSessionHandler->write()
#5 /run/media/dwirez/DATA/DOKUMENT/S4/project1/projek1/vendor/laravel/framework/src/Illuminate/Session/Middleware/StartSession.php(244): Illuminate\\Session\\Store->save()
#6 /run/media/dwirez/DATA/DOKUMENT/S4/project1/projek1/vendor/laravel/framework/src/Illuminate/Session/Middleware/StartSession.php(129): Illuminate\\Session\\Middleware\\StartSession->saveSession()
#7 /run/media/dwirez/DATA/DOKUMENT/S4/project1/projek1/vendor/laravel/framework/src/Illuminate/Session/Middleware/StartSession.php(63): Illuminate\\Session\\Middleware\\StartSession->handleStatefulRequest()
#8 /run/media/dwirez/DATA/DOKUMENT/S4/project1/projek1/vendor/laravel/framework/src/Illuminate/Pipeline/Pipeline.php(208): Illuminate\\Session\\Middleware\\StartSession->handle()
#9 /run/media/dwirez/DATA/DOKUMENT/S4/project1/projek1/vendor/laravel/framework/src/Illuminate/Cookie/Middleware/AddQueuedCookiesToResponse.php(36): Illuminate\\Pipeline\\Pipeline->{closure:{closure:Illuminate\\Pipeline\\Pipeline::carry():183}:184}()
#10 /run/media/dwirez/DATA/DOKUMENT/S4/project1/projek1/vendor/laravel/framework/src/Illuminate/Pipeline/Pipeline.php(208): Illuminate\\Cookie\\Middleware\\AddQueuedCookiesToResponse->handle()
#11 /run/media/dwirez/DATA/DOKUMENT/S4/project1/projek1/vendor/laravel/framework/src/Illuminate/Cookie/Middleware/EncryptCookies.php(74): Illuminate\\Pipeline\\Pipeline->{closure:{closure:Illuminate\\Pipeline\\Pipeline::carry():183}:184}()
#12 /run/media/dwirez/DATA/DOKUMENT/S4/project1/projek1/vendor/laravel/framework/src/Illuminate/Pipeline/Pipeline.php(208): Illuminate\\Cookie\\Middleware\\EncryptCookies->handle()
#13 /run/media/dwirez/DATA/DOKUMENT/S4/project1/projek1/vendor/laravel/framework/src/Illuminate/Pipeline/Pipeline.php(126): Illuminate\\Pipeline\\Pipeline->{closure:{closure:Illuminate\\Pipeline\\Pipeline::carry():183}:184}()
#14 /run/media/dwirez/DATA/DOKUMENT/S4/project1/projek1/vendor/laravel/framework/src/Illuminate/Routing/Router.php(807): Illuminate\\Pipeline\\Pipeline->then()
#15 /run/media/dwirez/DATA/DOKUMENT/S4/project1/projek1/vendor/laravel/framework/src/Illuminate/Routing/Router.php(786): Illuminate\\Routing\\Router->runRouteWithinStack()
#16 /run/media/dwirez/DATA/DOKUMENT/S4/project1/projek1/vendor/laravel/framework/src/Illuminate/Routing/Router.php(750): Illuminate\\Routing\\Router->runRoute()
#17 /run/media/dwirez/DATA/DOKUMENT/S4/project1/projek1/vendor/laravel/framework/src/Illuminate/Routing/Router.php(739): Illuminate\\Routing\\Router->dispatchToRoute()
#18 /run/media/dwirez/DATA/DOKUMENT/S4/project1/projek1/vendor/laravel/framework/src/Illuminate/Foundation/Http/Kernel.php(200): Illuminate\\Routing\\Router->dispatch()
#19 /run/media/dwirez/DATA/DOKUMENT/S4/project1/projek1/vendor/laravel/framework/src/Illuminate/Pipeline/Pipeline.php(169): Illuminate\\Foundation\\Http\\Kernel->{closure:Illuminate\\Foundation\\Http\\Kernel::dispatchToRouter():197}()
#20 /run/media/dwirez/DATA/DOKUMENT/S4/project1/projek1/vendor/livewire/livewire/src/Features/SupportDisablingBackButtonCache/DisableBackButtonCacheMiddleware.php(19): Illuminate\\Pipeline\\Pipeline->{closure:Illuminate\\Pipeline\\Pipeline::prepareDestination():167}()
#21 /run/media/dwirez/DATA/DOKUMENT/S4/project1/projek1/vendor/laravel/framework/src/Illuminate/Pipeline/Pipeline.php(208): Livewire\\Features\\SupportDisablingBackButtonCache\\DisableBackButtonCacheMiddleware->handle()
#22 /run/media/dwirez/DATA/DOKUMENT/S4/project1/projek1/vendor/laravel/framework/src/Illuminate/Foundation/Http/Middleware/TransformsRequest.php(21): Illuminate\\Pipeline\\Pipeline->{closure:{closure:Illuminate\\Pipeline\\Pipeline::carry():183}:184}()
#23 /run/media/dwirez/DATA/DOKUMENT/S4/project1/projek1/vendor/laravel/framework/src/Illuminate/Foundation/Http/Middleware/ConvertEmptyStringsToNull.php(31): Illuminate\\Foundation\\Http\\Middleware\\TransformsRequest->handle()
#24 /run/media/dwirez/DATA/DOKUMENT/S4/project1/projek1/vendor/laravel/framework/src/Illuminate/Pipeline/Pipeline.php(208): Illuminate\\Foundation\\Http\\Middleware\\ConvertEmptyStringsToNull->handle()
#25 /run/media/dwirez/DATA/DOKUMENT/S4/project1/projek1/vendor/laravel/framework/src/Illuminate/Foundation/Http/Middleware/TransformsRequest.php(21): Illuminate\\Pipeline\\Pipeline->{closure:{closure:Illuminate\\Pipeline\\Pipeline::carry():183}:184}()
#26 /run/media/dwirez/DATA/DOKUMENT/S4/project1/projek1/vendor/laravel/framework/src/Illuminate/Foundation/Http/Middleware/TrimStrings.php(51): Illuminate\\Foundation\\Http\\Middleware\\TransformsRequest->handle()
#27 /run/media/dwirez/DATA/DOKUMENT/S4/project1/projek1/vendor/laravel/framework/src/Illuminate/Pipeline/Pipeline.php(208): Illuminate\\Foundation\\Http\\Middleware\\TrimStrings->handle()
#28 /run/media/dwirez/DATA/DOKUMENT/S4/project1/projek1/vendor/laravel/framework/src/Illuminate/Http/Middleware/ValidatePostSize.php(27): Illuminate\\Pipeline\\Pipeline->{closure:{closure:Illuminate\\Pipeline\\Pipeline::carry():183}:184}()
#29 /run/media/dwirez/DATA/DOKUMENT/S4/project1/projek1/vendor/laravel/framework/src/Illuminate/Pipeline/Pipeline.php(208): Illuminate\\Http\\Middleware\\ValidatePostSize->handle()
#30 /run/media/dwirez/DATA/DOKUMENT/S4/project1/projek1/vendor/laravel/framework/src/Illuminate/Foundation/Http/Middleware/PreventRequestsDuringMaintenance.php(109): Illuminate\\Pipeline\\Pipeline->{closure:{closure:Illuminate\\Pipeline\\Pipeline::carry():183}:184}()
#31 /run/media/dwirez/DATA/DOKUMENT/S4/project1/projek1/vendor/laravel/framework/src/Illuminate/Pipeline/Pipeline.php(208): Illuminate\\Foundation\\Http\\Middleware\\PreventRequestsDuringMaintenance->handle()
#32 /run/media/dwirez/DATA/DOKUMENT/S4/project1/projek1/vendor/laravel/framework/src/Illuminate/Http/Middleware/HandleCors.php(48): Illuminate\\Pipeline\\Pipeline->{closure:{closure:Illuminate\\Pipeline\\Pipeline::carry():183}:184}()
#33 /run/media/dwirez/DATA/DOKUMENT/S4/project1/projek1/vendor/laravel/framework/src/Illuminate/Pipeline/Pipeline.php(208): Illuminate\\Http\\Middleware\\HandleCors->handle()
#34 /run/media/dwirez/DATA/DOKUMENT/S4/project1/projek1/vendor/laravel/framework/src/Illuminate/Http/Middleware/TrustProxies.php(58): Illuminate\\Pipeline\\Pipeline->{closure:{closure:Illuminate\\Pipeline\\Pipeline::carry():183}:184}()
#35 /run/media/dwirez/DATA/DOKUMENT/S4/project1/projek1/vendor/laravel/framework/src/Illuminate/Pipeline/Pipeline.php(208): Illuminate\\Http\\Middleware\\TrustProxies->handle()
#36 /run/media/dwirez/DATA/DOKUMENT/S4/project1/projek1/vendor/laravel/framework/src/Illuminate/Foundation/Http/Middleware/InvokeDeferredCallbacks.php(22): Illuminate\\Pipeline\\Pipeline->{closure:{closure:Illuminate\\Pipeline\\Pipeline::carry():183}:184}()
#37 /run/media/dwirez/DATA/DOKUMENT/S4/project1/projek1/vendor/laravel/framework/src/Illuminate/Pipeline/Pipeline.php(208): Illuminate\\Foundation\\Http\\Middleware\\InvokeDeferredCallbacks->handle()
#38 /run/media/dwirez/DATA/DOKUMENT/S4/project1/projek1/vendor/laravel/framework/src/Illuminate/Http/Middleware/ValidatePathEncoding.php(26): Illuminate\\Pipeline\\Pipeline->{closure:{closure:Illuminate\\Pipeline\\Pipeline::carry():183}:184}()
#39 /run/media/dwirez/DATA/DOKUMENT/S4/project1/projek1/vendor/laravel/framework/src/Illuminate/Pipeline/Pipeline.php(208): Illuminate\\Http\\Middleware\\ValidatePathEncoding->handle()
#40 /run/media/dwirez/DATA/DOKUMENT/S4/project1/projek1/vendor/laravel/framework/src/Illuminate/Pipeline/Pipeline.php(126): Illuminate\\Pipeline\\Pipeline->{closure:{closure:Illuminate\\Pipeline\\Pipeline::carry():183}:184}()
#41 /run/media/dwirez/DATA/DOKUMENT/S4/project1/projek1/vendor/laravel/framework/src/Illuminate/Foundation/Http/Kernel.php(175): Illuminate\\Pipeline\\Pipeline->then()
#42 /run/media/dwirez/DATA/DOKUMENT/S4/project1/projek1/vendor/laravel/framework/src/Illuminate/Foundation/Http/Kernel.php(144): Illuminate\\Foundation\\Http\\Kernel->sendRequestThroughRouter()
#43 /run/media/dwirez/DATA/DOKUMENT/S4/project1/projek1/vendor/laravel/framework/src/Illuminate/Foundation/Application.php(1219): Illuminate\\Foundation\\Http\\Kernel->handle()
#44 /run/media/dwirez/DATA/DOKUMENT/S4/project1/projek1/public/index.php(20): Illuminate\\Foundation\\Application->handleRequest()
#45 /run/media/dwirez/DATA/DOKUMENT/S4/project1/projek1/vendor/laravel/framework/src/Illuminate/Foundation/resources/server.php(23): require_once('...')
#46 {main}
"} 
[2025-05-26 13:13:28] local.ERROR: file_put_contents(F:\DOKUMENT\S4\project1\projek1\storage\framework/sessions/tBCeLhvjhPF3l2Fnsh2tF5vjw70Aozaf0VpGPfcz): Failed to open stream: No such file or directory {"exception":"[object] (ErrorException(code: 0): file_put_contents(F:\\DOKUMENT\\S4\\project1\\projek1\\storage\\framework/sessions/tBCeLhvjhPF3l2Fnsh2tF5vjw70Aozaf0VpGPfcz): Failed to open stream: No such file or directory at /run/media/dwirez/DATA/DOKUMENT/S4/project1/projek1/vendor/laravel/framework/src/Illuminate/Filesystem/Filesystem.php:204)
[stacktrace]
#0 /run/media/dwirez/DATA/DOKUMENT/S4/project1/projek1/vendor/laravel/framework/src/Illuminate/Foundation/Bootstrap/HandleExceptions.php(256): Illuminate\\Foundation\\Bootstrap\\HandleExceptions->handleError()
#1 [internal function]: Illuminate\\Foundation\\Bootstrap\\HandleExceptions->{closure:Illuminate\\Foundation\\Bootstrap\\HandleExceptions::forwardsTo():255}()
#2 /run/media/dwirez/DATA/DOKUMENT/S4/project1/projek1/vendor/laravel/framework/src/Illuminate/Filesystem/Filesystem.php(204): file_put_contents()
#3 /run/media/dwirez/DATA/DOKUMENT/S4/project1/projek1/vendor/laravel/framework/src/Illuminate/Session/FileSessionHandler.php(89): Illuminate\\Filesystem\\Filesystem->put()
#4 /run/media/dwirez/DATA/DOKUMENT/S4/project1/projek1/vendor/laravel/framework/src/Illuminate/Session/Store.php(175): Illuminate\\Session\\FileSessionHandler->write()
#5 /run/media/dwirez/DATA/DOKUMENT/S4/project1/projek1/vendor/laravel/framework/src/Illuminate/Session/Middleware/StartSession.php(244): Illuminate\\Session\\Store->save()
#6 /run/media/dwirez/DATA/DOKUMENT/S4/project1/projek1/vendor/laravel/framework/src/Illuminate/Session/Middleware/StartSession.php(129): Illuminate\\Session\\Middleware\\StartSession->saveSession()
#7 /run/media/dwirez/DATA/DOKUMENT/S4/project1/projek1/vendor/laravel/framework/src/Illuminate/Session/Middleware/StartSession.php(63): Illuminate\\Session\\Middleware\\StartSession->handleStatefulRequest()
#8 /run/media/dwirez/DATA/DOKUMENT/S4/project1/projek1/vendor/laravel/framework/src/Illuminate/Pipeline/Pipeline.php(208): Illuminate\\Session\\Middleware\\StartSession->handle()
#9 /run/media/dwirez/DATA/DOKUMENT/S4/project1/projek1/vendor/laravel/framework/src/Illuminate/Cookie/Middleware/AddQueuedCookiesToResponse.php(36): Illuminate\\Pipeline\\Pipeline->{closure:{closure:Illuminate\\Pipeline\\Pipeline::carry():183}:184}()
#10 /run/media/dwirez/DATA/DOKUMENT/S4/project1/projek1/vendor/laravel/framework/src/Illuminate/Pipeline/Pipeline.php(208): Illuminate\\Cookie\\Middleware\\AddQueuedCookiesToResponse->handle()
#11 /run/media/dwirez/DATA/DOKUMENT/S4/project1/projek1/vendor/laravel/framework/src/Illuminate/Cookie/Middleware/EncryptCookies.php(74): Illuminate\\Pipeline\\Pipeline->{closure:{closure:Illuminate\\Pipeline\\Pipeline::carry():183}:184}()
#12 /run/media/dwirez/DATA/DOKUMENT/S4/project1/projek1/vendor/laravel/framework/src/Illuminate/Pipeline/Pipeline.php(208): Illuminate\\Cookie\\Middleware\\EncryptCookies->handle()
#13 /run/media/dwirez/DATA/DOKUMENT/S4/project1/projek1/vendor/laravel/framework/src/Illuminate/Pipeline/Pipeline.php(126): Illuminate\\Pipeline\\Pipeline->{closure:{closure:Illuminate\\Pipeline\\Pipeline::carry():183}:184}()
#14 /run/media/dwirez/DATA/DOKUMENT/S4/project1/projek1/vendor/laravel/framework/src/Illuminate/Routing/Router.php(807): Illuminate\\Pipeline\\Pipeline->then()
#15 /run/media/dwirez/DATA/DOKUMENT/S4/project1/projek1/vendor/laravel/framework/src/Illuminate/Routing/Router.php(786): Illuminate\\Routing\\Router->runRouteWithinStack()
#16 /run/media/dwirez/DATA/DOKUMENT/S4/project1/projek1/vendor/laravel/framework/src/Illuminate/Routing/Router.php(750): Illuminate\\Routing\\Router->runRoute()
#17 /run/media/dwirez/DATA/DOKUMENT/S4/project1/projek1/vendor/laravel/framework/src/Illuminate/Routing/Router.php(739): Illuminate\\Routing\\Router->dispatchToRoute()
#18 /run/media/dwirez/DATA/DOKUMENT/S4/project1/projek1/vendor/laravel/framework/src/Illuminate/Foundation/Http/Kernel.php(200): Illuminate\\Routing\\Router->dispatch()
#19 /run/media/dwirez/DATA/DOKUMENT/S4/project1/projek1/vendor/laravel/framework/src/Illuminate/Pipeline/Pipeline.php(169): Illuminate\\Foundation\\Http\\Kernel->{closure:Illuminate\\Foundation\\Http\\Kernel::dispatchToRouter():197}()
#20 /run/media/dwirez/DATA/DOKUMENT/S4/project1/projek1/vendor/livewire/livewire/src/Features/SupportDisablingBackButtonCache/DisableBackButtonCacheMiddleware.php(19): Illuminate\\Pipeline\\Pipeline->{closure:Illuminate\\Pipeline\\Pipeline::prepareDestination():167}()
#21 /run/media/dwirez/DATA/DOKUMENT/S4/project1/projek1/vendor/laravel/framework/src/Illuminate/Pipeline/Pipeline.php(208): Livewire\\Features\\SupportDisablingBackButtonCache\\DisableBackButtonCacheMiddleware->handle()
#22 /run/media/dwirez/DATA/DOKUMENT/S4/project1/projek1/vendor/laravel/framework/src/Illuminate/Foundation/Http/Middleware/TransformsRequest.php(21): Illuminate\\Pipeline\\Pipeline->{closure:{closure:Illuminate\\Pipeline\\Pipeline::carry():183}:184}()
#23 /run/media/dwirez/DATA/DOKUMENT/S4/project1/projek1/vendor/laravel/framework/src/Illuminate/Foundation/Http/Middleware/ConvertEmptyStringsToNull.php(31): Illuminate\\Foundation\\Http\\Middleware\\TransformsRequest->handle()
#24 /run/media/dwirez/DATA/DOKUMENT/S4/project1/projek1/vendor/laravel/framework/src/Illuminate/Pipeline/Pipeline.php(208): Illuminate\\Foundation\\Http\\Middleware\\ConvertEmptyStringsToNull->handle()
#25 /run/media/dwirez/DATA/DOKUMENT/S4/project1/projek1/vendor/laravel/framework/src/Illuminate/Foundation/Http/Middleware/TransformsRequest.php(21): Illuminate\\Pipeline\\Pipeline->{closure:{closure:Illuminate\\Pipeline\\Pipeline::carry():183}:184}()
#26 /run/media/dwirez/DATA/DOKUMENT/S4/project1/projek1/vendor/laravel/framework/src/Illuminate/Foundation/Http/Middleware/TrimStrings.php(51): Illuminate\\Foundation\\Http\\Middleware\\TransformsRequest->handle()
#27 /run/media/dwirez/DATA/DOKUMENT/S4/project1/projek1/vendor/laravel/framework/src/Illuminate/Pipeline/Pipeline.php(208): Illuminate\\Foundation\\Http\\Middleware\\TrimStrings->handle()
#28 /run/media/dwirez/DATA/DOKUMENT/S4/project1/projek1/vendor/laravel/framework/src/Illuminate/Http/Middleware/ValidatePostSize.php(27): Illuminate\\Pipeline\\Pipeline->{closure:{closure:Illuminate\\Pipeline\\Pipeline::carry():183}:184}()
#29 /run/media/dwirez/DATA/DOKUMENT/S4/project1/projek1/vendor/laravel/framework/src/Illuminate/Pipeline/Pipeline.php(208): Illuminate\\Http\\Middleware\\ValidatePostSize->handle()
#30 /run/media/dwirez/DATA/DOKUMENT/S4/project1/projek1/vendor/laravel/framework/src/Illuminate/Foundation/Http/Middleware/PreventRequestsDuringMaintenance.php(109): Illuminate\\Pipeline\\Pipeline->{closure:{closure:Illuminate\\Pipeline\\Pipeline::carry():183}:184}()
#31 /run/media/dwirez/DATA/DOKUMENT/S4/project1/projek1/vendor/laravel/framework/src/Illuminate/Pipeline/Pipeline.php(208): Illuminate\\Foundation\\Http\\Middleware\\PreventRequestsDuringMaintenance->handle()
#32 /run/media/dwirez/DATA/DOKUMENT/S4/project1/projek1/vendor/laravel/framework/src/Illuminate/Http/Middleware/HandleCors.php(48): Illuminate\\Pipeline\\Pipeline->{closure:{closure:Illuminate\\Pipeline\\Pipeline::carry():183}:184}()
#33 /run/media/dwirez/DATA/DOKUMENT/S4/project1/projek1/vendor/laravel/framework/src/Illuminate/Pipeline/Pipeline.php(208): Illuminate\\Http\\Middleware\\HandleCors->handle()
#34 /run/media/dwirez/DATA/DOKUMENT/S4/project1/projek1/vendor/laravel/framework/src/Illuminate/Http/Middleware/TrustProxies.php(58): Illuminate\\Pipeline\\Pipeline->{closure:{closure:Illuminate\\Pipeline\\Pipeline::carry():183}:184}()
#35 /run/media/dwirez/DATA/DOKUMENT/S4/project1/projek1/vendor/laravel/framework/src/Illuminate/Pipeline/Pipeline.php(208): Illuminate\\Http\\Middleware\\TrustProxies->handle()
#36 /run/media/dwirez/DATA/DOKUMENT/S4/project1/projek1/vendor/laravel/framework/src/Illuminate/Foundation/Http/Middleware/InvokeDeferredCallbacks.php(22): Illuminate\\Pipeline\\Pipeline->{closure:{closure:Illuminate\\Pipeline\\Pipeline::carry():183}:184}()
#37 /run/media/dwirez/DATA/DOKUMENT/S4/project1/projek1/vendor/laravel/framework/src/Illuminate/Pipeline/Pipeline.php(208): Illuminate\\Foundation\\Http\\Middleware\\InvokeDeferredCallbacks->handle()
#38 /run/media/dwirez/DATA/DOKUMENT/S4/project1/projek1/vendor/laravel/framework/src/Illuminate/Http/Middleware/ValidatePathEncoding.php(26): Illuminate\\Pipeline\\Pipeline->{closure:{closure:Illuminate\\Pipeline\\Pipeline::carry():183}:184}()
#39 /run/media/dwirez/DATA/DOKUMENT/S4/project1/projek1/vendor/laravel/framework/src/Illuminate/Pipeline/Pipeline.php(208): Illuminate\\Http\\Middleware\\ValidatePathEncoding->handle()
#40 /run/media/dwirez/DATA/DOKUMENT/S4/project1/projek1/vendor/laravel/framework/src/Illuminate/Pipeline/Pipeline.php(126): Illuminate\\Pipeline\\Pipeline->{closure:{closure:Illuminate\\Pipeline\\Pipeline::carry():183}:184}()
#41 /run/media/dwirez/DATA/DOKUMENT/S4/project1/projek1/vendor/laravel/framework/src/Illuminate/Foundation/Http/Kernel.php(175): Illuminate\\Pipeline\\Pipeline->then()
#42 /run/media/dwirez/DATA/DOKUMENT/S4/project1/projek1/vendor/laravel/framework/src/Illuminate/Foundation/Http/Kernel.php(144): Illuminate\\Foundation\\Http\\Kernel->sendRequestThroughRouter()
#43 /run/media/dwirez/DATA/DOKUMENT/S4/project1/projek1/vendor/laravel/framework/src/Illuminate/Foundation/Application.php(1219): Illuminate\\Foundation\\Http\\Kernel->handle()
#44 /run/media/dwirez/DATA/DOKUMENT/S4/project1/projek1/public/index.php(20): Illuminate\\Foundation\\Application->handleRequest()
#45 /run/media/dwirez/DATA/DOKUMENT/S4/project1/projek1/vendor/laravel/framework/src/Illuminate/Foundation/resources/server.php(23): require_once('...')
#46 {main}
"} 
[2025-05-26 13:39:23] local.ERROR: SQLSTATE[HY000] [1045] Access denied for user 'root'@'localhost' (using password: NO) (Connection: mysql, SQL: select * from `artikels` order by `created_at` desc limit 5) {"exception":"[object] (Illuminate\\Database\\QueryException(code: 1045): SQLSTATE[HY000] [1045] Access denied for user 'root'@'localhost' (using password: NO) (Connection: mysql, SQL: select * from `artikels` order by `created_at` desc limit 5) at /run/media/dwirez/DATA/DOKUMENT/S4/project1/projek1/vendor/laravel/framework/src/Illuminate/Database/Connection.php:822)
[stacktrace]
#0 /run/media/dwirez/DATA/DOKUMENT/S4/project1/projek1/vendor/laravel/framework/src/Illuminate/Database/Connection.php(976): Illuminate\\Database\\Connection->runQueryCallback()
#1 /run/media/dwirez/DATA/DOKUMENT/S4/project1/projek1/vendor/laravel/framework/src/Illuminate/Database/Connection.php(955): Illuminate\\Database\\Connection->tryAgainIfCausedByLostConnection()
#2 /run/media/dwirez/DATA/DOKUMENT/S4/project1/projek1/vendor/laravel/framework/src/Illuminate/Database/Connection.php(778): Illuminate\\Database\\Connection->handleQueryException()
#3 /run/media/dwirez/DATA/DOKUMENT/S4/project1/projek1/vendor/laravel/framework/src/Illuminate/Database/Connection.php(395): Illuminate\\Database\\Connection->run()
#4 /run/media/dwirez/DATA/DOKUMENT/S4/project1/projek1/vendor/laravel/framework/src/Illuminate/Database/Query/Builder.php(3120): Illuminate\\Database\\Connection->select()
#5 /run/media/dwirez/DATA/DOKUMENT/S4/project1/projek1/vendor/laravel/framework/src/Illuminate/Database/Query/Builder.php(3105): Illuminate\\Database\\Query\\Builder->runSelect()
#6 /run/media/dwirez/DATA/DOKUMENT/S4/project1/projek1/vendor/laravel/framework/src/Illuminate/Database/Query/Builder.php(3695): Illuminate\\Database\\Query\\Builder->{closure:Illuminate\\Database\\Query\\Builder::get():3104}()
#7 /run/media/dwirez/DATA/DOKUMENT/S4/project1/projek1/vendor/laravel/framework/src/Illuminate/Database/Query/Builder.php(3104): Illuminate\\Database\\Query\\Builder->onceWithColumns()
#8 /run/media/dwirez/DATA/DOKUMENT/S4/project1/projek1/vendor/laravel/framework/src/Illuminate/Database/Eloquent/Builder.php(871): Illuminate\\Database\\Query\\Builder->get()
#9 /run/media/dwirez/DATA/DOKUMENT/S4/project1/projek1/vendor/laravel/framework/src/Illuminate/Database/Eloquent/Builder.php(853): Illuminate\\Database\\Eloquent\\Builder->getModels()
#10 /run/media/dwirez/DATA/DOKUMENT/S4/project1/projek1/app/Http/Controllers/HomeController.php(12): Illuminate\\Database\\Eloquent\\Builder->get()
#11 /run/media/dwirez/DATA/DOKUMENT/S4/project1/projek1/vendor/laravel/framework/src/Illuminate/Routing/ControllerDispatcher.php(46): App\\Http\\Controllers\\HomeController->getArtikel()
#12 /run/media/dwirez/DATA/DOKUMENT/S4/project1/projek1/vendor/laravel/framework/src/Illuminate/Routing/Route.php(265): Illuminate\\Routing\\ControllerDispatcher->dispatch()
#13 /run/media/dwirez/DATA/DOKUMENT/S4/project1/projek1/vendor/laravel/framework/src/Illuminate/Routing/Route.php(211): Illuminate\\Routing\\Route->runController()
#14 /run/media/dwirez/DATA/DOKUMENT/S4/project1/projek1/vendor/laravel/framework/src/Illuminate/Routing/Router.php(808): Illuminate\\Routing\\Route->run()
#15 /run/media/dwirez/DATA/DOKUMENT/S4/project1/projek1/vendor/laravel/framework/src/Illuminate/Pipeline/Pipeline.php(169): Illuminate\\Routing\\Router->{closure:Illuminate\\Routing\\Router::runRouteWithinStack():807}()
#16 /run/media/dwirez/DATA/DOKUMENT/S4/project1/projek1/vendor/laravel/framework/src/Illuminate/Routing/Middleware/SubstituteBindings.php(50): Illuminate\\Pipeline\\Pipeline->{closure:Illuminate\\Pipeline\\Pipeline::prepareDestination():167}()
#17 /run/media/dwirez/DATA/DOKUMENT/S4/project1/projek1/vendor/laravel/framework/src/Illuminate/Pipeline/Pipeline.php(208): Illuminate\\Routing\\Middleware\\SubstituteBindings->handle()
#18 /run/media/dwirez/DATA/DOKUMENT/S4/project1/projek1/vendor/laravel/framework/src/Illuminate/Foundation/Http/Middleware/VerifyCsrfToken.php(87): Illuminate\\Pipeline\\Pipeline->{closure:{closure:Illuminate\\Pipeline\\Pipeline::carry():183}:184}()
#19 /run/media/dwirez/DATA/DOKUMENT/S4/project1/projek1/vendor/laravel/framework/src/Illuminate/Pipeline/Pipeline.php(208): Illuminate\\Foundation\\Http\\Middleware\\VerifyCsrfToken->handle()
#20 /run/media/dwirez/DATA/DOKUMENT/S4/project1/projek1/vendor/laravel/framework/src/Illuminate/View/Middleware/ShareErrorsFromSession.php(48): Illuminate\\Pipeline\\Pipeline->{closure:{closure:Illuminate\\Pipeline\\Pipeline::carry():183}:184}()
#21 /run/media/dwirez/DATA/DOKUMENT/S4/project1/projek1/vendor/laravel/framework/src/Illuminate/Pipeline/Pipeline.php(208): Illuminate\\View\\Middleware\\ShareErrorsFromSession->handle()
#22 /run/media/dwirez/DATA/DOKUMENT/S4/project1/projek1/vendor/laravel/framework/src/Illuminate/Session/Middleware/StartSession.php(120): Illuminate\\Pipeline\\Pipeline->{closure:{closure:Illuminate\\Pipeline\\Pipeline::carry():183}:184}()
#23 /run/media/dwirez/DATA/DOKUMENT/S4/project1/projek1/vendor/laravel/framework/src/Illuminate/Session/Middleware/StartSession.php(63): Illuminate\\Session\\Middleware\\StartSession->handleStatefulRequest()
#24 /run/media/dwirez/DATA/DOKUMENT/S4/project1/projek1/vendor/laravel/framework/src/Illuminate/Pipeline/Pipeline.php(208): Illuminate\\Session\\Middleware\\StartSession->handle()
#25 /run/media/dwirez/DATA/DOKUMENT/S4/project1/projek1/vendor/laravel/framework/src/Illuminate/Cookie/Middleware/AddQueuedCookiesToResponse.php(36): Illuminate\\Pipeline\\Pipeline->{closure:{closure:Illuminate\\Pipeline\\Pipeline::carry():183}:184}()
#26 /run/media/dwirez/DATA/DOKUMENT/S4/project1/projek1/vendor/laravel/framework/src/Illuminate/Pipeline/Pipeline.php(208): Illuminate\\Cookie\\Middleware\\AddQueuedCookiesToResponse->handle()
#27 /run/media/dwirez/DATA/DOKUMENT/S4/project1/projek1/vendor/laravel/framework/src/Illuminate/Cookie/Middleware/EncryptCookies.php(74): Illuminate\\Pipeline\\Pipeline->{closure:{closure:Illuminate\\Pipeline\\Pipeline::carry():183}:184}()
#28 /run/media/dwirez/DATA/DOKUMENT/S4/project1/projek1/vendor/laravel/framework/src/Illuminate/Pipeline/Pipeline.php(208): Illuminate\\Cookie\\Middleware\\EncryptCookies->handle()
#29 /run/media/dwirez/DATA/DOKUMENT/S4/project1/projek1/vendor/laravel/framework/src/Illuminate/Pipeline/Pipeline.php(126): Illuminate\\Pipeline\\Pipeline->{closure:{closure:Illuminate\\Pipeline\\Pipeline::carry():183}:184}()
#30 /run/media/dwirez/DATA/DOKUMENT/S4/project1/projek1/vendor/laravel/framework/src/Illuminate/Routing/Router.php(807): Illuminate\\Pipeline\\Pipeline->then()
#31 /run/media/dwirez/DATA/DOKUMENT/S4/project1/projek1/vendor/laravel/framework/src/Illuminate/Routing/Router.php(786): Illuminate\\Routing\\Router->runRouteWithinStack()
#32 /run/media/dwirez/DATA/DOKUMENT/S4/project1/projek1/vendor/laravel/framework/src/Illuminate/Routing/Router.php(750): Illuminate\\Routing\\Router->runRoute()
#33 /run/media/dwirez/DATA/DOKUMENT/S4/project1/projek1/vendor/laravel/framework/src/Illuminate/Routing/Router.php(739): Illuminate\\Routing\\Router->dispatchToRoute()
#34 /run/media/dwirez/DATA/DOKUMENT/S4/project1/projek1/vendor/laravel/framework/src/Illuminate/Foundation/Http/Kernel.php(200): Illuminate\\Routing\\Router->dispatch()
#35 /run/media/dwirez/DATA/DOKUMENT/S4/project1/projek1/vendor/laravel/framework/src/Illuminate/Pipeline/Pipeline.php(169): Illuminate\\Foundation\\Http\\Kernel->{closure:Illuminate\\Foundation\\Http\\Kernel::dispatchToRouter():197}()
#36 /run/media/dwirez/DATA/DOKUMENT/S4/project1/projek1/vendor/livewire/livewire/src/Features/SupportDisablingBackButtonCache/DisableBackButtonCacheMiddleware.php(19): Illuminate\\Pipeline\\Pipeline->{closure:Illuminate\\Pipeline\\Pipeline::prepareDestination():167}()
#37 /run/media/dwirez/DATA/DOKUMENT/S4/project1/projek1/vendor/laravel/framework/src/Illuminate/Pipeline/Pipeline.php(208): Livewire\\Features\\SupportDisablingBackButtonCache\\DisableBackButtonCacheMiddleware->handle()
#38 /run/media/dwirez/DATA/DOKUMENT/S4/project1/projek1/vendor/laravel/framework/src/Illuminate/Foundation/Http/Middleware/TransformsRequest.php(21): Illuminate\\Pipeline\\Pipeline->{closure:{closure:Illuminate\\Pipeline\\Pipeline::carry():183}:184}()
#39 /run/media/dwirez/DATA/DOKUMENT/S4/project1/projek1/vendor/laravel/framework/src/Illuminate/Foundation/Http/Middleware/ConvertEmptyStringsToNull.php(31): Illuminate\\Foundation\\Http\\Middleware\\TransformsRequest->handle()
#40 /run/media/dwirez/DATA/DOKUMENT/S4/project1/projek1/vendor/laravel/framework/src/Illuminate/Pipeline/Pipeline.php(208): Illuminate\\Foundation\\Http\\Middleware\\ConvertEmptyStringsToNull->handle()
#41 /run/media/dwirez/DATA/DOKUMENT/S4/project1/projek1/vendor/laravel/framework/src/Illuminate/Foundation/Http/Middleware/TransformsRequest.php(21): Illuminate\\Pipeline\\Pipeline->{closure:{closure:Illuminate\\Pipeline\\Pipeline::carry():183}:184}()
#42 /run/media/dwirez/DATA/DOKUMENT/S4/project1/projek1/vendor/laravel/framework/src/Illuminate/Foundation/Http/Middleware/TrimStrings.php(51): Illuminate\\Foundation\\Http\\Middleware\\TransformsRequest->handle()
#43 /run/media/dwirez/DATA/DOKUMENT/S4/project1/projek1/vendor/laravel/framework/src/Illuminate/Pipeline/Pipeline.php(208): Illuminate\\Foundation\\Http\\Middleware\\TrimStrings->handle()
#44 /run/media/dwirez/DATA/DOKUMENT/S4/project1/projek1/vendor/laravel/framework/src/Illuminate/Http/Middleware/ValidatePostSize.php(27): Illuminate\\Pipeline\\Pipeline->{closure:{closure:Illuminate\\Pipeline\\Pipeline::carry():183}:184}()
#45 /run/media/dwirez/DATA/DOKUMENT/S4/project1/projek1/vendor/laravel/framework/src/Illuminate/Pipeline/Pipeline.php(208): Illuminate\\Http\\Middleware\\ValidatePostSize->handle()
#46 /run/media/dwirez/DATA/DOKUMENT/S4/project1/projek1/vendor/laravel/framework/src/Illuminate/Foundation/Http/Middleware/PreventRequestsDuringMaintenance.php(109): Illuminate\\Pipeline\\Pipeline->{closure:{closure:Illuminate\\Pipeline\\Pipeline::carry():183}:184}()
#47 /run/media/dwirez/DATA/DOKUMENT/S4/project1/projek1/vendor/laravel/framework/src/Illuminate/Pipeline/Pipeline.php(208): Illuminate\\Foundation\\Http\\Middleware\\PreventRequestsDuringMaintenance->handle()
#48 /run/media/dwirez/DATA/DOKUMENT/S4/project1/projek1/vendor/laravel/framework/src/Illuminate/Http/Middleware/HandleCors.php(48): Illuminate\\Pipeline\\Pipeline->{closure:{closure:Illuminate\\Pipeline\\Pipeline::carry():183}:184}()
#49 /run/media/dwirez/DATA/DOKUMENT/S4/project1/projek1/vendor/laravel/framework/src/Illuminate/Pipeline/Pipeline.php(208): Illuminate\\Http\\Middleware\\HandleCors->handle()
#50 /run/media/dwirez/DATA/DOKUMENT/S4/project1/projek1/vendor/laravel/framework/src/Illuminate/Http/Middleware/TrustProxies.php(58): Illuminate\\Pipeline\\Pipeline->{closure:{closure:Illuminate\\Pipeline\\Pipeline::carry():183}:184}()
#51 /run/media/dwirez/DATA/DOKUMENT/S4/project1/projek1/vendor/laravel/framework/src/Illuminate/Pipeline/Pipeline.php(208): Illuminate\\Http\\Middleware\\TrustProxies->handle()
#52 /run/media/dwirez/DATA/DOKUMENT/S4/project1/projek1/vendor/laravel/framework/src/Illuminate/Foundation/Http/Middleware/InvokeDeferredCallbacks.php(22): Illuminate\\Pipeline\\Pipeline->{closure:{closure:Illuminate\\Pipeline\\Pipeline::carry():183}:184}()
#53 /run/media/dwirez/DATA/DOKUMENT/S4/project1/projek1/vendor/laravel/framework/src/Illuminate/Pipeline/Pipeline.php(208): Illuminate\\Foundation\\Http\\Middleware\\InvokeDeferredCallbacks->handle()
#54 /run/media/dwirez/DATA/DOKUMENT/S4/project1/projek1/vendor/laravel/framework/src/Illuminate/Http/Middleware/ValidatePathEncoding.php(26): Illuminate\\Pipeline\\Pipeline->{closure:{closure:Illuminate\\Pipeline\\Pipeline::carry():183}:184}()
#55 /run/media/dwirez/DATA/DOKUMENT/S4/project1/projek1/vendor/laravel/framework/src/Illuminate/Pipeline/Pipeline.php(208): Illuminate\\Http\\Middleware\\ValidatePathEncoding->handle()
#56 /run/media/dwirez/DATA/DOKUMENT/S4/project1/projek1/vendor/laravel/framework/src/Illuminate/Pipeline/Pipeline.php(126): Illuminate\\Pipeline\\Pipeline->{closure:{closure:Illuminate\\Pipeline\\Pipeline::carry():183}:184}()
#57 /run/media/dwirez/DATA/DOKUMENT/S4/project1/projek1/vendor/laravel/framework/src/Illuminate/Foundation/Http/Kernel.php(175): Illuminate\\Pipeline\\Pipeline->then()
#58 /run/media/dwirez/DATA/DOKUMENT/S4/project1/projek1/vendor/laravel/framework/src/Illuminate/Foundation/Http/Kernel.php(144): Illuminate\\Foundation\\Http\\Kernel->sendRequestThroughRouter()
#59 /run/media/dwirez/DATA/DOKUMENT/S4/project1/projek1/vendor/laravel/framework/src/Illuminate/Foundation/Application.php(1219): Illuminate\\Foundation\\Http\\Kernel->handle()
#60 /run/media/dwirez/DATA/DOKUMENT/S4/project1/projek1/public/index.php(20): Illuminate\\Foundation\\Application->handleRequest()
#61 /run/media/dwirez/DATA/DOKUMENT/S4/project1/projek1/vendor/laravel/framework/src/Illuminate/Foundation/resources/server.php(23): require_once('...')
#62 {main}

[previous exception] [object] (PDOException(code: 1045): SQLSTATE[HY000] [1045] Access denied for user 'root'@'localhost' (using password: NO) at /run/media/dwirez/DATA/DOKUMENT/S4/project1/projek1/vendor/laravel/framework/src/Illuminate/Database/Connectors/Connector.php:67)
[stacktrace]
#0 /run/media/dwirez/DATA/DOKUMENT/S4/project1/projek1/vendor/laravel/framework/src/Illuminate/Database/Connectors/Connector.php(67): PDO::connect()
#1 /run/media/dwirez/DATA/DOKUMENT/S4/project1/projek1/vendor/laravel/framework/src/Illuminate/Database/Connectors/Connector.php(85): Illuminate\\Database\\Connectors\\Connector->createPdoConnection()
#2 /run/media/dwirez/DATA/DOKUMENT/S4/project1/projek1/vendor/laravel/framework/src/Illuminate/Database/Connectors/Connector.php(48): Illuminate\\Database\\Connectors\\Connector->tryAgainIfCausedByLostConnection()
#3 /run/media/dwirez/DATA/DOKUMENT/S4/project1/projek1/vendor/laravel/framework/src/Illuminate/Database/Connectors/MySqlConnector.php(24): Illuminate\\Database\\Connectors\\Connector->createConnection()
#4 /run/media/dwirez/DATA/DOKUMENT/S4/project1/projek1/vendor/laravel/framework/src/Illuminate/Database/Connectors/ConnectionFactory.php(184): Illuminate\\Database\\Connectors\\MySqlConnector->connect()
#5 [internal function]: Illuminate\\Database\\Connectors\\ConnectionFactory->{closure:Illuminate\\Database\\Connectors\\ConnectionFactory::createPdoResolverWithHosts():179}()
#6 /run/media/dwirez/DATA/DOKUMENT/S4/project1/projek1/vendor/laravel/framework/src/Illuminate/Database/Connection.php(1228): call_user_func()
#7 /run/media/dwirez/DATA/DOKUMENT/S4/project1/projek1/vendor/laravel/framework/src/Illuminate/Database/Connection.php(1264): Illuminate\\Database\\Connection->getPdo()
#8 /run/media/dwirez/DATA/DOKUMENT/S4/project1/projek1/vendor/laravel/framework/src/Illuminate/Database/Connection.php(509): Illuminate\\Database\\Connection->getReadPdo()
#9 /run/media/dwirez/DATA/DOKUMENT/S4/project1/projek1/vendor/laravel/framework/src/Illuminate/Database/Connection.php(404): Illuminate\\Database\\Connection->getPdoForSelect()
#10 /run/media/dwirez/DATA/DOKUMENT/S4/project1/projek1/vendor/laravel/framework/src/Illuminate/Database/Connection.php(809): Illuminate\\Database\\Connection->{closure:Illuminate\\Database\\Connection::select():395}()
#11 /run/media/dwirez/DATA/DOKUMENT/S4/project1/projek1/vendor/laravel/framework/src/Illuminate/Database/Connection.php(976): Illuminate\\Database\\Connection->runQueryCallback()
#12 /run/media/dwirez/DATA/DOKUMENT/S4/project1/projek1/vendor/laravel/framework/src/Illuminate/Database/Connection.php(955): Illuminate\\Database\\Connection->tryAgainIfCausedByLostConnection()
#13 /run/media/dwirez/DATA/DOKUMENT/S4/project1/projek1/vendor/laravel/framework/src/Illuminate/Database/Connection.php(778): Illuminate\\Database\\Connection->handleQueryException()
#14 /run/media/dwirez/DATA/DOKUMENT/S4/project1/projek1/vendor/laravel/framework/src/Illuminate/Database/Connection.php(395): Illuminate\\Database\\Connection->run()
#15 /run/media/dwirez/DATA/DOKUMENT/S4/project1/projek1/vendor/laravel/framework/src/Illuminate/Database/Query/Builder.php(3120): Illuminate\\Database\\Connection->select()
#16 /run/media/dwirez/DATA/DOKUMENT/S4/project1/projek1/vendor/laravel/framework/src/Illuminate/Database/Query/Builder.php(3105): Illuminate\\Database\\Query\\Builder->runSelect()
#17 /run/media/dwirez/DATA/DOKUMENT/S4/project1/projek1/vendor/laravel/framework/src/Illuminate/Database/Query/Builder.php(3695): Illuminate\\Database\\Query\\Builder->{closure:Illuminate\\Database\\Query\\Builder::get():3104}()
#18 /run/media/dwirez/DATA/DOKUMENT/S4/project1/projek1/vendor/laravel/framework/src/Illuminate/Database/Query/Builder.php(3104): Illuminate\\Database\\Query\\Builder->onceWithColumns()
#19 /run/media/dwirez/DATA/DOKUMENT/S4/project1/projek1/vendor/laravel/framework/src/Illuminate/Database/Eloquent/Builder.php(871): Illuminate\\Database\\Query\\Builder->get()
#20 /run/media/dwirez/DATA/DOKUMENT/S4/project1/projek1/vendor/laravel/framework/src/Illuminate/Database/Eloquent/Builder.php(853): Illuminate\\Database\\Eloquent\\Builder->getModels()
#21 /run/media/dwirez/DATA/DOKUMENT/S4/project1/projek1/app/Http/Controllers/HomeController.php(12): Illuminate\\Database\\Eloquent\\Builder->get()
#22 /run/media/dwirez/DATA/DOKUMENT/S4/project1/projek1/vendor/laravel/framework/src/Illuminate/Routing/ControllerDispatcher.php(46): App\\Http\\Controllers\\HomeController->getArtikel()
#23 /run/media/dwirez/DATA/DOKUMENT/S4/project1/projek1/vendor/laravel/framework/src/Illuminate/Routing/Route.php(265): Illuminate\\Routing\\ControllerDispatcher->dispatch()
#24 /run/media/dwirez/DATA/DOKUMENT/S4/project1/projek1/vendor/laravel/framework/src/Illuminate/Routing/Route.php(211): Illuminate\\Routing\\Route->runController()
#25 /run/media/dwirez/DATA/DOKUMENT/S4/project1/projek1/vendor/laravel/framework/src/Illuminate/Routing/Router.php(808): Illuminate\\Routing\\Route->run()
#26 /run/media/dwirez/DATA/DOKUMENT/S4/project1/projek1/vendor/laravel/framework/src/Illuminate/Pipeline/Pipeline.php(169): Illuminate\\Routing\\Router->{closure:Illuminate\\Routing\\Router::runRouteWithinStack():807}()
#27 /run/media/dwirez/DATA/DOKUMENT/S4/project1/projek1/vendor/laravel/framework/src/Illuminate/Routing/Middleware/SubstituteBindings.php(50): Illuminate\\Pipeline\\Pipeline->{closure:Illuminate\\Pipeline\\Pipeline::prepareDestination():167}()
#28 /run/media/dwirez/DATA/DOKUMENT/S4/project1/projek1/vendor/laravel/framework/src/Illuminate/Pipeline/Pipeline.php(208): Illuminate\\Routing\\Middleware\\SubstituteBindings->handle()
#29 /run/media/dwirez/DATA/DOKUMENT/S4/project1/projek1/vendor/laravel/framework/src/Illuminate/Foundation/Http/Middleware/VerifyCsrfToken.php(87): Illuminate\\Pipeline\\Pipeline->{closure:{closure:Illuminate\\Pipeline\\Pipeline::carry():183}:184}()
#30 /run/media/dwirez/DATA/DOKUMENT/S4/project1/projek1/vendor/laravel/framework/src/Illuminate/Pipeline/Pipeline.php(208): Illuminate\\Foundation\\Http\\Middleware\\VerifyCsrfToken->handle()
#31 /run/media/dwirez/DATA/DOKUMENT/S4/project1/projek1/vendor/laravel/framework/src/Illuminate/View/Middleware/ShareErrorsFromSession.php(48): Illuminate\\Pipeline\\Pipeline->{closure:{closure:Illuminate\\Pipeline\\Pipeline::carry():183}:184}()
#32 /run/media/dwirez/DATA/DOKUMENT/S4/project1/projek1/vendor/laravel/framework/src/Illuminate/Pipeline/Pipeline.php(208): Illuminate\\View\\Middleware\\ShareErrorsFromSession->handle()
#33 /run/media/dwirez/DATA/DOKUMENT/S4/project1/projek1/vendor/laravel/framework/src/Illuminate/Session/Middleware/StartSession.php(120): Illuminate\\Pipeline\\Pipeline->{closure:{closure:Illuminate\\Pipeline\\Pipeline::carry():183}:184}()
#34 /run/media/dwirez/DATA/DOKUMENT/S4/project1/projek1/vendor/laravel/framework/src/Illuminate/Session/Middleware/StartSession.php(63): Illuminate\\Session\\Middleware\\StartSession->handleStatefulRequest()
#35 /run/media/dwirez/DATA/DOKUMENT/S4/project1/projek1/vendor/laravel/framework/src/Illuminate/Pipeline/Pipeline.php(208): Illuminate\\Session\\Middleware\\StartSession->handle()
#36 /run/media/dwirez/DATA/DOKUMENT/S4/project1/projek1/vendor/laravel/framework/src/Illuminate/Cookie/Middleware/AddQueuedCookiesToResponse.php(36): Illuminate\\Pipeline\\Pipeline->{closure:{closure:Illuminate\\Pipeline\\Pipeline::carry():183}:184}()
#37 /run/media/dwirez/DATA/DOKUMENT/S4/project1/projek1/vendor/laravel/framework/src/Illuminate/Pipeline/Pipeline.php(208): Illuminate\\Cookie\\Middleware\\AddQueuedCookiesToResponse->handle()
#38 /run/media/dwirez/DATA/DOKUMENT/S4/project1/projek1/vendor/laravel/framework/src/Illuminate/Cookie/Middleware/EncryptCookies.php(74): Illuminate\\Pipeline\\Pipeline->{closure:{closure:Illuminate\\Pipeline\\Pipeline::carry():183}:184}()
#39 /run/media/dwirez/DATA/DOKUMENT/S4/project1/projek1/vendor/laravel/framework/src/Illuminate/Pipeline/Pipeline.php(208): Illuminate\\Cookie\\Middleware\\EncryptCookies->handle()
#40 /run/media/dwirez/DATA/DOKUMENT/S4/project1/projek1/vendor/laravel/framework/src/Illuminate/Pipeline/Pipeline.php(126): Illuminate\\Pipeline\\Pipeline->{closure:{closure:Illuminate\\Pipeline\\Pipeline::carry():183}:184}()
#41 /run/media/dwirez/DATA/DOKUMENT/S4/project1/projek1/vendor/laravel/framework/src/Illuminate/Routing/Router.php(807): Illuminate\\Pipeline\\Pipeline->then()
#42 /run/media/dwirez/DATA/DOKUMENT/S4/project1/projek1/vendor/laravel/framework/src/Illuminate/Routing/Router.php(786): Illuminate\\Routing\\Router->runRouteWithinStack()
#43 /run/media/dwirez/DATA/DOKUMENT/S4/project1/projek1/vendor/laravel/framework/src/Illuminate/Routing/Router.php(750): Illuminate\\Routing\\Router->runRoute()
#44 /run/media/dwirez/DATA/DOKUMENT/S4/project1/projek1/vendor/laravel/framework/src/Illuminate/Routing/Router.php(739): Illuminate\\Routing\\Router->dispatchToRoute()
#45 /run/media/dwirez/DATA/DOKUMENT/S4/project1/projek1/vendor/laravel/framework/src/Illuminate/Foundation/Http/Kernel.php(200): Illuminate\\Routing\\Router->dispatch()
#46 /run/media/dwirez/DATA/DOKUMENT/S4/project1/projek1/vendor/laravel/framework/src/Illuminate/Pipeline/Pipeline.php(169): Illuminate\\Foundation\\Http\\Kernel->{closure:Illuminate\\Foundation\\Http\\Kernel::dispatchToRouter():197}()
#47 /run/media/dwirez/DATA/DOKUMENT/S4/project1/projek1/vendor/livewire/livewire/src/Features/SupportDisablingBackButtonCache/DisableBackButtonCacheMiddleware.php(19): Illuminate\\Pipeline\\Pipeline->{closure:Illuminate\\Pipeline\\Pipeline::prepareDestination():167}()
#48 /run/media/dwirez/DATA/DOKUMENT/S4/project1/projek1/vendor/laravel/framework/src/Illuminate/Pipeline/Pipeline.php(208): Livewire\\Features\\SupportDisablingBackButtonCache\\DisableBackButtonCacheMiddleware->handle()
#49 /run/media/dwirez/DATA/DOKUMENT/S4/project1/projek1/vendor/laravel/framework/src/Illuminate/Foundation/Http/Middleware/TransformsRequest.php(21): Illuminate\\Pipeline\\Pipeline->{closure:{closure:Illuminate\\Pipeline\\Pipeline::carry():183}:184}()
#50 /run/media/dwirez/DATA/DOKUMENT/S4/project1/projek1/vendor/laravel/framework/src/Illuminate/Foundation/Http/Middleware/ConvertEmptyStringsToNull.php(31): Illuminate\\Foundation\\Http\\Middleware\\TransformsRequest->handle()
#51 /run/media/dwirez/DATA/DOKUMENT/S4/project1/projek1/vendor/laravel/framework/src/Illuminate/Pipeline/Pipeline.php(208): Illuminate\\Foundation\\Http\\Middleware\\ConvertEmptyStringsToNull->handle()
#52 /run/media/dwirez/DATA/DOKUMENT/S4/project1/projek1/vendor/laravel/framework/src/Illuminate/Foundation/Http/Middleware/TransformsRequest.php(21): Illuminate\\Pipeline\\Pipeline->{closure:{closure:Illuminate\\Pipeline\\Pipeline::carry():183}:184}()
#53 /run/media/dwirez/DATA/DOKUMENT/S4/project1/projek1/vendor/laravel/framework/src/Illuminate/Foundation/Http/Middleware/TrimStrings.php(51): Illuminate\\Foundation\\Http\\Middleware\\TransformsRequest->handle()
#54 /run/media/dwirez/DATA/DOKUMENT/S4/project1/projek1/vendor/laravel/framework/src/Illuminate/Pipeline/Pipeline.php(208): Illuminate\\Foundation\\Http\\Middleware\\TrimStrings->handle()
#55 /run/media/dwirez/DATA/DOKUMENT/S4/project1/projek1/vendor/laravel/framework/src/Illuminate/Http/Middleware/ValidatePostSize.php(27): Illuminate\\Pipeline\\Pipeline->{closure:{closure:Illuminate\\Pipeline\\Pipeline::carry():183}:184}()
#56 /run/media/dwirez/DATA/DOKUMENT/S4/project1/projek1/vendor/laravel/framework/src/Illuminate/Pipeline/Pipeline.php(208): Illuminate\\Http\\Middleware\\ValidatePostSize->handle()
#57 /run/media/dwirez/DATA/DOKUMENT/S4/project1/projek1/vendor/laravel/framework/src/Illuminate/Foundation/Http/Middleware/PreventRequestsDuringMaintenance.php(109): Illuminate\\Pipeline\\Pipeline->{closure:{closure:Illuminate\\Pipeline\\Pipeline::carry():183}:184}()
#58 /run/media/dwirez/DATA/DOKUMENT/S4/project1/projek1/vendor/laravel/framework/src/Illuminate/Pipeline/Pipeline.php(208): Illuminate\\Foundation\\Http\\Middleware\\PreventRequestsDuringMaintenance->handle()
#59 /run/media/dwirez/DATA/DOKUMENT/S4/project1/projek1/vendor/laravel/framework/src/Illuminate/Http/Middleware/HandleCors.php(48): Illuminate\\Pipeline\\Pipeline->{closure:{closure:Illuminate\\Pipeline\\Pipeline::carry():183}:184}()
#60 /run/media/dwirez/DATA/DOKUMENT/S4/project1/projek1/vendor/laravel/framework/src/Illuminate/Pipeline/Pipeline.php(208): Illuminate\\Http\\Middleware\\HandleCors->handle()
#61 /run/media/dwirez/DATA/DOKUMENT/S4/project1/projek1/vendor/laravel/framework/src/Illuminate/Http/Middleware/TrustProxies.php(58): Illuminate\\Pipeline\\Pipeline->{closure:{closure:Illuminate\\Pipeline\\Pipeline::carry():183}:184}()
#62 /run/media/dwirez/DATA/DOKUMENT/S4/project1/projek1/vendor/laravel/framework/src/Illuminate/Pipeline/Pipeline.php(208): Illuminate\\Http\\Middleware\\TrustProxies->handle()
#63 /run/media/dwirez/DATA/DOKUMENT/S4/project1/projek1/vendor/laravel/framework/src/Illuminate/Foundation/Http/Middleware/InvokeDeferredCallbacks.php(22): Illuminate\\Pipeline\\Pipeline->{closure:{closure:Illuminate\\Pipeline\\Pipeline::carry():183}:184}()
#64 /run/media/dwirez/DATA/DOKUMENT/S4/project1/projek1/vendor/laravel/framework/src/Illuminate/Pipeline/Pipeline.php(208): Illuminate\\Foundation\\Http\\Middleware\\InvokeDeferredCallbacks->handle()
#65 /run/media/dwirez/DATA/DOKUMENT/S4/project1/projek1/vendor/laravel/framework/src/Illuminate/Http/Middleware/ValidatePathEncoding.php(26): Illuminate\\Pipeline\\Pipeline->{closure:{closure:Illuminate\\Pipeline\\Pipeline::carry():183}:184}()
#66 /run/media/dwirez/DATA/DOKUMENT/S4/project1/projek1/vendor/laravel/framework/src/Illuminate/Pipeline/Pipeline.php(208): Illuminate\\Http\\Middleware\\ValidatePathEncoding->handle()
#67 /run/media/dwirez/DATA/DOKUMENT/S4/project1/projek1/vendor/laravel/framework/src/Illuminate/Pipeline/Pipeline.php(126): Illuminate\\Pipeline\\Pipeline->{closure:{closure:Illuminate\\Pipeline\\Pipeline::carry():183}:184}()
#68 /run/media/dwirez/DATA/DOKUMENT/S4/project1/projek1/vendor/laravel/framework/src/Illuminate/Foundation/Http/Kernel.php(175): Illuminate\\Pipeline\\Pipeline->then()
#69 /run/media/dwirez/DATA/DOKUMENT/S4/project1/projek1/vendor/laravel/framework/src/Illuminate/Foundation/Http/Kernel.php(144): Illuminate\\Foundation\\Http\\Kernel->sendRequestThroughRouter()
#70 /run/media/dwirez/DATA/DOKUMENT/S4/project1/projek1/vendor/laravel/framework/src/Illuminate/Foundation/Application.php(1219): Illuminate\\Foundation\\Http\\Kernel->handle()
#71 /run/media/dwirez/DATA/DOKUMENT/S4/project1/projek1/public/index.php(20): Illuminate\\Foundation\\Application->handleRequest()
#72 /run/media/dwirez/DATA/DOKUMENT/S4/project1/projek1/vendor/laravel/framework/src/Illuminate/Foundation/resources/server.php(23): require_once('...')
#73 {main}
"} 
[2025-05-26 13:39:24] local.ERROR: file_put_contents(F:\DOKUMENT\S4\project1\projek1\storage\framework/sessions/ZWFHcsu3W6PPbXhjpObcQvLacbdwEvXS5SRTgzui): Failed to open stream: No such file or directory {"exception":"[object] (ErrorException(code: 0): file_put_contents(F:\\DOKUMENT\\S4\\project1\\projek1\\storage\\framework/sessions/ZWFHcsu3W6PPbXhjpObcQvLacbdwEvXS5SRTgzui): Failed to open stream: No such file or directory at /run/media/dwirez/DATA/DOKUMENT/S4/project1/projek1/vendor/laravel/framework/src/Illuminate/Filesystem/Filesystem.php:204)
[stacktrace]
#0 /run/media/dwirez/DATA/DOKUMENT/S4/project1/projek1/vendor/laravel/framework/src/Illuminate/Foundation/Bootstrap/HandleExceptions.php(256): Illuminate\\Foundation\\Bootstrap\\HandleExceptions->handleError()
#1 [internal function]: Illuminate\\Foundation\\Bootstrap\\HandleExceptions->{closure:Illuminate\\Foundation\\Bootstrap\\HandleExceptions::forwardsTo():255}()
#2 /run/media/dwirez/DATA/DOKUMENT/S4/project1/projek1/vendor/laravel/framework/src/Illuminate/Filesystem/Filesystem.php(204): file_put_contents()
#3 /run/media/dwirez/DATA/DOKUMENT/S4/project1/projek1/vendor/laravel/framework/src/Illuminate/Session/FileSessionHandler.php(89): Illuminate\\Filesystem\\Filesystem->put()
#4 /run/media/dwirez/DATA/DOKUMENT/S4/project1/projek1/vendor/laravel/framework/src/Illuminate/Session/Store.php(175): Illuminate\\Session\\FileSessionHandler->write()
#5 /run/media/dwirez/DATA/DOKUMENT/S4/project1/projek1/vendor/laravel/framework/src/Illuminate/Session/Middleware/StartSession.php(244): Illuminate\\Session\\Store->save()
#6 /run/media/dwirez/DATA/DOKUMENT/S4/project1/projek1/vendor/laravel/framework/src/Illuminate/Session/Middleware/StartSession.php(129): Illuminate\\Session\\Middleware\\StartSession->saveSession()
#7 /run/media/dwirez/DATA/DOKUMENT/S4/project1/projek1/vendor/laravel/framework/src/Illuminate/Session/Middleware/StartSession.php(63): Illuminate\\Session\\Middleware\\StartSession->handleStatefulRequest()
#8 /run/media/dwirez/DATA/DOKUMENT/S4/project1/projek1/vendor/laravel/framework/src/Illuminate/Pipeline/Pipeline.php(208): Illuminate\\Session\\Middleware\\StartSession->handle()
#9 /run/media/dwirez/DATA/DOKUMENT/S4/project1/projek1/vendor/laravel/framework/src/Illuminate/Cookie/Middleware/AddQueuedCookiesToResponse.php(36): Illuminate\\Pipeline\\Pipeline->{closure:{closure:Illuminate\\Pipeline\\Pipeline::carry():183}:184}()
#10 /run/media/dwirez/DATA/DOKUMENT/S4/project1/projek1/vendor/laravel/framework/src/Illuminate/Pipeline/Pipeline.php(208): Illuminate\\Cookie\\Middleware\\AddQueuedCookiesToResponse->handle()
#11 /run/media/dwirez/DATA/DOKUMENT/S4/project1/projek1/vendor/laravel/framework/src/Illuminate/Cookie/Middleware/EncryptCookies.php(74): Illuminate\\Pipeline\\Pipeline->{closure:{closure:Illuminate\\Pipeline\\Pipeline::carry():183}:184}()
#12 /run/media/dwirez/DATA/DOKUMENT/S4/project1/projek1/vendor/laravel/framework/src/Illuminate/Pipeline/Pipeline.php(208): Illuminate\\Cookie\\Middleware\\EncryptCookies->handle()
#13 /run/media/dwirez/DATA/DOKUMENT/S4/project1/projek1/vendor/laravel/framework/src/Illuminate/Pipeline/Pipeline.php(126): Illuminate\\Pipeline\\Pipeline->{closure:{closure:Illuminate\\Pipeline\\Pipeline::carry():183}:184}()
#14 /run/media/dwirez/DATA/DOKUMENT/S4/project1/projek1/vendor/laravel/framework/src/Illuminate/Routing/Router.php(807): Illuminate\\Pipeline\\Pipeline->then()
#15 /run/media/dwirez/DATA/DOKUMENT/S4/project1/projek1/vendor/laravel/framework/src/Illuminate/Routing/Router.php(786): Illuminate\\Routing\\Router->runRouteWithinStack()
#16 /run/media/dwirez/DATA/DOKUMENT/S4/project1/projek1/vendor/laravel/framework/src/Illuminate/Routing/Router.php(750): Illuminate\\Routing\\Router->runRoute()
#17 /run/media/dwirez/DATA/DOKUMENT/S4/project1/projek1/vendor/laravel/framework/src/Illuminate/Routing/Router.php(739): Illuminate\\Routing\\Router->dispatchToRoute()
#18 /run/media/dwirez/DATA/DOKUMENT/S4/project1/projek1/vendor/laravel/framework/src/Illuminate/Foundation/Http/Kernel.php(200): Illuminate\\Routing\\Router->dispatch()
#19 /run/media/dwirez/DATA/DOKUMENT/S4/project1/projek1/vendor/laravel/framework/src/Illuminate/Pipeline/Pipeline.php(169): Illuminate\\Foundation\\Http\\Kernel->{closure:Illuminate\\Foundation\\Http\\Kernel::dispatchToRouter():197}()
#20 /run/media/dwirez/DATA/DOKUMENT/S4/project1/projek1/vendor/livewire/livewire/src/Features/SupportDisablingBackButtonCache/DisableBackButtonCacheMiddleware.php(19): Illuminate\\Pipeline\\Pipeline->{closure:Illuminate\\Pipeline\\Pipeline::prepareDestination():167}()
#21 /run/media/dwirez/DATA/DOKUMENT/S4/project1/projek1/vendor/laravel/framework/src/Illuminate/Pipeline/Pipeline.php(208): Livewire\\Features\\SupportDisablingBackButtonCache\\DisableBackButtonCacheMiddleware->handle()
#22 /run/media/dwirez/DATA/DOKUMENT/S4/project1/projek1/vendor/laravel/framework/src/Illuminate/Foundation/Http/Middleware/TransformsRequest.php(21): Illuminate\\Pipeline\\Pipeline->{closure:{closure:Illuminate\\Pipeline\\Pipeline::carry():183}:184}()
#23 /run/media/dwirez/DATA/DOKUMENT/S4/project1/projek1/vendor/laravel/framework/src/Illuminate/Foundation/Http/Middleware/ConvertEmptyStringsToNull.php(31): Illuminate\\Foundation\\Http\\Middleware\\TransformsRequest->handle()
#24 /run/media/dwirez/DATA/DOKUMENT/S4/project1/projek1/vendor/laravel/framework/src/Illuminate/Pipeline/Pipeline.php(208): Illuminate\\Foundation\\Http\\Middleware\\ConvertEmptyStringsToNull->handle()
#25 /run/media/dwirez/DATA/DOKUMENT/S4/project1/projek1/vendor/laravel/framework/src/Illuminate/Foundation/Http/Middleware/TransformsRequest.php(21): Illuminate\\Pipeline\\Pipeline->{closure:{closure:Illuminate\\Pipeline\\Pipeline::carry():183}:184}()
#26 /run/media/dwirez/DATA/DOKUMENT/S4/project1/projek1/vendor/laravel/framework/src/Illuminate/Foundation/Http/Middleware/TrimStrings.php(51): Illuminate\\Foundation\\Http\\Middleware\\TransformsRequest->handle()
#27 /run/media/dwirez/DATA/DOKUMENT/S4/project1/projek1/vendor/laravel/framework/src/Illuminate/Pipeline/Pipeline.php(208): Illuminate\\Foundation\\Http\\Middleware\\TrimStrings->handle()
#28 /run/media/dwirez/DATA/DOKUMENT/S4/project1/projek1/vendor/laravel/framework/src/Illuminate/Http/Middleware/ValidatePostSize.php(27): Illuminate\\Pipeline\\Pipeline->{closure:{closure:Illuminate\\Pipeline\\Pipeline::carry():183}:184}()
#29 /run/media/dwirez/DATA/DOKUMENT/S4/project1/projek1/vendor/laravel/framework/src/Illuminate/Pipeline/Pipeline.php(208): Illuminate\\Http\\Middleware\\ValidatePostSize->handle()
#30 /run/media/dwirez/DATA/DOKUMENT/S4/project1/projek1/vendor/laravel/framework/src/Illuminate/Foundation/Http/Middleware/PreventRequestsDuringMaintenance.php(109): Illuminate\\Pipeline\\Pipeline->{closure:{closure:Illuminate\\Pipeline\\Pipeline::carry():183}:184}()
#31 /run/media/dwirez/DATA/DOKUMENT/S4/project1/projek1/vendor/laravel/framework/src/Illuminate/Pipeline/Pipeline.php(208): Illuminate\\Foundation\\Http\\Middleware\\PreventRequestsDuringMaintenance->handle()
#32 /run/media/dwirez/DATA/DOKUMENT/S4/project1/projek1/vendor/laravel/framework/src/Illuminate/Http/Middleware/HandleCors.php(48): Illuminate\\Pipeline\\Pipeline->{closure:{closure:Illuminate\\Pipeline\\Pipeline::carry():183}:184}()
#33 /run/media/dwirez/DATA/DOKUMENT/S4/project1/projek1/vendor/laravel/framework/src/Illuminate/Pipeline/Pipeline.php(208): Illuminate\\Http\\Middleware\\HandleCors->handle()
#34 /run/media/dwirez/DATA/DOKUMENT/S4/project1/projek1/vendor/laravel/framework/src/Illuminate/Http/Middleware/TrustProxies.php(58): Illuminate\\Pipeline\\Pipeline->{closure:{closure:Illuminate\\Pipeline\\Pipeline::carry():183}:184}()
#35 /run/media/dwirez/DATA/DOKUMENT/S4/project1/projek1/vendor/laravel/framework/src/Illuminate/Pipeline/Pipeline.php(208): Illuminate\\Http\\Middleware\\TrustProxies->handle()
#36 /run/media/dwirez/DATA/DOKUMENT/S4/project1/projek1/vendor/laravel/framework/src/Illuminate/Foundation/Http/Middleware/InvokeDeferredCallbacks.php(22): Illuminate\\Pipeline\\Pipeline->{closure:{closure:Illuminate\\Pipeline\\Pipeline::carry():183}:184}()
#37 /run/media/dwirez/DATA/DOKUMENT/S4/project1/projek1/vendor/laravel/framework/src/Illuminate/Pipeline/Pipeline.php(208): Illuminate\\Foundation\\Http\\Middleware\\InvokeDeferredCallbacks->handle()
#38 /run/media/dwirez/DATA/DOKUMENT/S4/project1/projek1/vendor/laravel/framework/src/Illuminate/Http/Middleware/ValidatePathEncoding.php(26): Illuminate\\Pipeline\\Pipeline->{closure:{closure:Illuminate\\Pipeline\\Pipeline::carry():183}:184}()
#39 /run/media/dwirez/DATA/DOKUMENT/S4/project1/projek1/vendor/laravel/framework/src/Illuminate/Pipeline/Pipeline.php(208): Illuminate\\Http\\Middleware\\ValidatePathEncoding->handle()
#40 /run/media/dwirez/DATA/DOKUMENT/S4/project1/projek1/vendor/laravel/framework/src/Illuminate/Pipeline/Pipeline.php(126): Illuminate\\Pipeline\\Pipeline->{closure:{closure:Illuminate\\Pipeline\\Pipeline::carry():183}:184}()
#41 /run/media/dwirez/DATA/DOKUMENT/S4/project1/projek1/vendor/laravel/framework/src/Illuminate/Foundation/Http/Kernel.php(175): Illuminate\\Pipeline\\Pipeline->then()
#42 /run/media/dwirez/DATA/DOKUMENT/S4/project1/projek1/vendor/laravel/framework/src/Illuminate/Foundation/Http/Kernel.php(144): Illuminate\\Foundation\\Http\\Kernel->sendRequestThroughRouter()
#43 /run/media/dwirez/DATA/DOKUMENT/S4/project1/projek1/vendor/laravel/framework/src/Illuminate/Foundation/Application.php(1219): Illuminate\\Foundation\\Http\\Kernel->handle()
#44 /run/media/dwirez/DATA/DOKUMENT/S4/project1/projek1/public/index.php(20): Illuminate\\Foundation\\Application->handleRequest()
#45 /run/media/dwirez/DATA/DOKUMENT/S4/project1/projek1/vendor/laravel/framework/src/Illuminate/Foundation/resources/server.php(23): require_once('...')
#46 {main}
"} 
