[2025-05-26 13:40:07] local.ERROR: SQLSTATE[HY000] [1045] Access denied for user 'root'@'localhost' (using password: NO) (Connection: mysql, SQL: delete from `cache`) {"exception":"[object] (Illuminate\\Database\\QueryException(code: 1045): SQLSTATE[HY000] [1045] Access denied for user 'root'@'localhost' (using password: NO) (Connection: mysql, SQL: delete from `cache`) at /run/media/dwirez/DATA/DOKUMENT/S4/project1/projek1/vendor/laravel/framework/src/Illuminate/Database/Connection.php:822)
[stacktrace]
#0 /run/media/dwirez/DATA/DOKUMENT/S4/project1/projek1/vendor/laravel/framework/src/Illuminate/Database/Connection.php(976): Illuminate\\Database\\Connection->runQueryCallback()
#1 /run/media/dwirez/DATA/DOKUMENT/S4/project1/projek1/vendor/laravel/framework/src/Illuminate/Database/Connection.php(955): Illuminate\\Database\\Connection->tryAgainIfCausedByLostConnection()
#2 /run/media/dwirez/DATA/DOKUMENT/S4/project1/projek1/vendor/laravel/framework/src/Illuminate/Database/Connection.php(778): Illuminate\\Database\\Connection->handleQueryException()
#3 /run/media/dwirez/DATA/DOKUMENT/S4/project1/projek1/vendor/laravel/framework/src/Illuminate/Database/Connection.php(581): Illuminate\\Database\\Connection->run()
#4 /run/media/dwirez/DATA/DOKUMENT/S4/project1/projek1/vendor/laravel/framework/src/Illuminate/Database/Connection.php(545): Illuminate\\Database\\Connection->affectingStatement()
#5 /run/media/dwirez/DATA/DOKUMENT/S4/project1/projek1/vendor/laravel/framework/src/Illuminate/Database/Query/Builder.php(4043): Illuminate\\Database\\Connection->delete()
#6 /run/media/dwirez/DATA/DOKUMENT/S4/project1/projek1/vendor/laravel/framework/src/Illuminate/Cache/DatabaseStore.php(421): Illuminate\\Database\\Query\\Builder->delete()
#7 /run/media/dwirez/DATA/DOKUMENT/S4/project1/projek1/vendor/laravel/framework/src/Illuminate/Cache/Repository.php(806): Illuminate\\Cache\\DatabaseStore->flush()
#8 /run/media/dwirez/DATA/DOKUMENT/S4/project1/projek1/vendor/laravel/framework/src/Illuminate/Cache/Console/ClearCommand.php(68): Illuminate\\Cache\\Repository->__call()
#9 /run/media/dwirez/DATA/DOKUMENT/S4/project1/projek1/vendor/laravel/framework/src/Illuminate/Container/BoundMethod.php(36): Illuminate\\Cache\\Console\\ClearCommand->handle()
#10 /run/media/dwirez/DATA/DOKUMENT/S4/project1/projek1/vendor/laravel/framework/src/Illuminate/Container/Util.php(43): Illuminate\\Container\\BoundMethod::{closure:Illuminate\\Container\\BoundMethod::call():35}()
#11 /run/media/dwirez/DATA/DOKUMENT/S4/project1/projek1/vendor/laravel/framework/src/Illuminate/Container/BoundMethod.php(96): Illuminate\\Container\\Util::unwrapIfClosure()
#12 /run/media/dwirez/DATA/DOKUMENT/S4/project1/projek1/vendor/laravel/framework/src/Illuminate/Container/BoundMethod.php(35): Illuminate\\Container\\BoundMethod::callBoundMethod()
#13 /run/media/dwirez/DATA/DOKUMENT/S4/project1/projek1/vendor/laravel/framework/src/Illuminate/Container/Container.php(754): Illuminate\\Container\\BoundMethod::call()
#14 /run/media/dwirez/DATA/DOKUMENT/S4/project1/projek1/vendor/laravel/framework/src/Illuminate/Console/Command.php(211): Illuminate\\Container\\Container->call()
#15 /run/media/dwirez/DATA/DOKUMENT/S4/project1/projek1/vendor/symfony/console/Command/Command.php(279): Illuminate\\Console\\Command->execute()
#16 /run/media/dwirez/DATA/DOKUMENT/S4/project1/projek1/vendor/laravel/framework/src/Illuminate/Console/Command.php(180): Symfony\\Component\\Console\\Command\\Command->run()
#17 /run/media/dwirez/DATA/DOKUMENT/S4/project1/projek1/vendor/symfony/console/Application.php(1094): Illuminate\\Console\\Command->run()
#18 /run/media/dwirez/DATA/DOKUMENT/S4/project1/projek1/vendor/symfony/console/Application.php(342): Symfony\\Component\\Console\\Application->doRunCommand()
#19 /run/media/dwirez/DATA/DOKUMENT/S4/project1/projek1/vendor/symfony/console/Application.php(193): Symfony\\Component\\Console\\Application->doRun()
#20 /run/media/dwirez/DATA/DOKUMENT/S4/project1/projek1/vendor/laravel/framework/src/Illuminate/Foundation/Console/Kernel.php(197): Symfony\\Component\\Console\\Application->run()
#21 /run/media/dwirez/DATA/DOKUMENT/S4/project1/projek1/vendor/laravel/framework/src/Illuminate/Foundation/Application.php(1234): Illuminate\\Foundation\\Console\\Kernel->handle()
#22 /run/media/dwirez/DATA/DOKUMENT/S4/project1/projek1/artisan(16): Illuminate\\Foundation\\Application->handleCommand()
#23 {main}

[previous exception] [object] (PDOException(code: 1045): SQLSTATE[HY000] [1045] Access denied for user 'root'@'localhost' (using password: NO) at /run/media/dwirez/DATA/DOKUMENT/S4/project1/projek1/vendor/laravel/framework/src/Illuminate/Database/Connectors/Connector.php:67)
[stacktrace]
#0 /run/media/dwirez/DATA/DOKUMENT/S4/project1/projek1/vendor/laravel/framework/src/Illuminate/Database/Connectors/Connector.php(67): PDO::connect()
#1 /run/media/dwirez/DATA/DOKUMENT/S4/project1/projek1/vendor/laravel/framework/src/Illuminate/Database/Connectors/Connector.php(85): Illuminate\\Database\\Connectors\\Connector->createPdoConnection()
#2 /run/media/dwirez/DATA/DOKUMENT/S4/project1/projek1/vendor/laravel/framework/src/Illuminate/Database/Connectors/Connector.php(48): Illuminate\\Database\\Connectors\\Connector->tryAgainIfCausedByLostConnection()
#3 /run/media/dwirez/DATA/DOKUMENT/S4/project1/projek1/vendor/laravel/framework/src/Illuminate/Database/Connectors/MySqlConnector.php(24): Illuminate\\Database\\Connectors\\Connector->createConnection()
#4 /run/media/dwirez/DATA/DOKUMENT/S4/project1/projek1/vendor/laravel/framework/src/Illuminate/Database/Connectors/ConnectionFactory.php(184): Illuminate\\Database\\Connectors\\MySqlConnector->connect()
#5 [internal function]: Illuminate\\Database\\Connectors\\ConnectionFactory->{closure:Illuminate\\Database\\Connectors\\ConnectionFactory::createPdoResolverWithHosts():179}()
#6 /run/media/dwirez/DATA/DOKUMENT/S4/project1/projek1/vendor/laravel/framework/src/Illuminate/Database/Connection.php(1228): call_user_func()
#7 /run/media/dwirez/DATA/DOKUMENT/S4/project1/projek1/vendor/laravel/framework/src/Illuminate/Database/Connection.php(589): Illuminate\\Database\\Connection->getPdo()
#8 /run/media/dwirez/DATA/DOKUMENT/S4/project1/projek1/vendor/laravel/framework/src/Illuminate/Database/Connection.php(809): Illuminate\\Database\\Connection->{closure:Illuminate\\Database\\Connection::affectingStatement():581}()
#9 /run/media/dwirez/DATA/DOKUMENT/S4/project1/projek1/vendor/laravel/framework/src/Illuminate/Database/Connection.php(976): Illuminate\\Database\\Connection->runQueryCallback()
#10 /run/media/dwirez/DATA/DOKUMENT/S4/project1/projek1/vendor/laravel/framework/src/Illuminate/Database/Connection.php(955): Illuminate\\Database\\Connection->tryAgainIfCausedByLostConnection()
#11 /run/media/dwirez/DATA/DOKUMENT/S4/project1/projek1/vendor/laravel/framework/src/Illuminate/Database/Connection.php(778): Illuminate\\Database\\Connection->handleQueryException()
#12 /run/media/dwirez/DATA/DOKUMENT/S4/project1/projek1/vendor/laravel/framework/src/Illuminate/Database/Connection.php(581): Illuminate\\Database\\Connection->run()
#13 /run/media/dwirez/DATA/DOKUMENT/S4/project1/projek1/vendor/laravel/framework/src/Illuminate/Database/Connection.php(545): Illuminate\\Database\\Connection->affectingStatement()
#14 /run/media/dwirez/DATA/DOKUMENT/S4/project1/projek1/vendor/laravel/framework/src/Illuminate/Database/Query/Builder.php(4043): Illuminate\\Database\\Connection->delete()
#15 /run/media/dwirez/DATA/DOKUMENT/S4/project1/projek1/vendor/laravel/framework/src/Illuminate/Cache/DatabaseStore.php(421): Illuminate\\Database\\Query\\Builder->delete()
#16 /run/media/dwirez/DATA/DOKUMENT/S4/project1/projek1/vendor/laravel/framework/src/Illuminate/Cache/Repository.php(806): Illuminate\\Cache\\DatabaseStore->flush()
#17 /run/media/dwirez/DATA/DOKUMENT/S4/project1/projek1/vendor/laravel/framework/src/Illuminate/Cache/Console/ClearCommand.php(68): Illuminate\\Cache\\Repository->__call()
#18 /run/media/dwirez/DATA/DOKUMENT/S4/project1/projek1/vendor/laravel/framework/src/Illuminate/Container/BoundMethod.php(36): Illuminate\\Cache\\Console\\ClearCommand->handle()
#19 /run/media/dwirez/DATA/DOKUMENT/S4/project1/projek1/vendor/laravel/framework/src/Illuminate/Container/Util.php(43): Illuminate\\Container\\BoundMethod::{closure:Illuminate\\Container\\BoundMethod::call():35}()
#20 /run/media/dwirez/DATA/DOKUMENT/S4/project1/projek1/vendor/laravel/framework/src/Illuminate/Container/BoundMethod.php(96): Illuminate\\Container\\Util::unwrapIfClosure()
#21 /run/media/dwirez/DATA/DOKUMENT/S4/project1/projek1/vendor/laravel/framework/src/Illuminate/Container/BoundMethod.php(35): Illuminate\\Container\\BoundMethod::callBoundMethod()
#22 /run/media/dwirez/DATA/DOKUMENT/S4/project1/projek1/vendor/laravel/framework/src/Illuminate/Container/Container.php(754): Illuminate\\Container\\BoundMethod::call()
#23 /run/media/dwirez/DATA/DOKUMENT/S4/project1/projek1/vendor/laravel/framework/src/Illuminate/Console/Command.php(211): Illuminate\\Container\\Container->call()
#24 /run/media/dwirez/DATA/DOKUMENT/S4/project1/projek1/vendor/symfony/console/Command/Command.php(279): Illuminate\\Console\\Command->execute()
#25 /run/media/dwirez/DATA/DOKUMENT/S4/project1/projek1/vendor/laravel/framework/src/Illuminate/Console/Command.php(180): Symfony\\Component\\Console\\Command\\Command->run()
#26 /run/media/dwirez/DATA/DOKUMENT/S4/project1/projek1/vendor/symfony/console/Application.php(1094): Illuminate\\Console\\Command->run()
#27 /run/media/dwirez/DATA/DOKUMENT/S4/project1/projek1/vendor/symfony/console/Application.php(342): Symfony\\Component\\Console\\Application->doRunCommand()
#28 /run/media/dwirez/DATA/DOKUMENT/S4/project1/projek1/vendor/symfony/console/Application.php(193): Symfony\\Component\\Console\\Application->doRun()
#29 /run/media/dwirez/DATA/DOKUMENT/S4/project1/projek1/vendor/laravel/framework/src/Illuminate/Foundation/Console/Kernel.php(197): Symfony\\Component\\Console\\Application->run()
#30 /run/media/dwirez/DATA/DOKUMENT/S4/project1/projek1/vendor/laravel/framework/src/Illuminate/Foundation/Application.php(1234): Illuminate\\Foundation\\Console\\Kernel->handle()
#31 /run/media/dwirez/DATA/DOKUMENT/S4/project1/projek1/artisan(16): Illuminate\\Foundation\\Application->handleCommand()
#32 {main}
"} 
